I 2019-07-29 10:42:38:647 server.cc(86) Starting WebDriver server on port: '39065' on host: ''
T 2019-07-29 10:42:38:648 server.cc(634) Entering Server::PopulateCommandRepository
T 2019-07-29 10:42:38:648 IEServer.cpp(32) Entering IEServer::IEServer
I 2019-07-29 10:42:38:648 IEServer.cpp(33) Driver version: 3.6.0.0 (32-bit)
T 2019-07-29 10:42:38:648 server.cc(121) Entering Server::Start
D 2019-07-29 10:42:38:648 server.cc(148) Civetweb ACL is -0.0.0.0/0,+127.0.0.1
T 2019-07-29 10:42:38:893 server.cc(174) Entering Server::ProcessRequest
T 2019-07-29 10:42:38:893 server.cc(183) Process request with: URI: /status HTTP verb: GET
body: {}
T 2019-07-29 10:42:38:893 server.cc(272) Entering Server::DispatchCommand
T 2019-07-29 10:42:38:893 server.cc(583) Entering Server::LookupCommand
D 2019-07-29 10:42:38:893 server.cc(281) Command: GET /status {}
T 2019-07-29 10:42:38:893 IEServer.cpp(51) Entering IEServer::GetStatus
T 2019-07-29 10:42:38:893 response.cc(72) Entering Response::SetSuccessResponse
T 2019-07-29 10:42:38:893 response.cc(78) Entering Response::SetResponse
T 2019-07-29 10:42:38:893 response.cc(51) Entering Response::Serialize
D 2019-07-29 10:42:38:893 server.cc(338) Response: {"value":{"build":{"version":"3.6.0.0 (32-bit)"},"message":"Ready to create session","os":{"arch":"x64","name":"windows","version":"10.0.18362.1 (WinBuild.160101.0800)"},"ready":true}}

T 2019-07-29 10:42:38:893 server.cc(391) Entering Server::SendResponseToClient
T 2019-07-29 10:42:38:893 response.cc(30) Entering Response::Deserialize
T 2019-07-29 10:42:38:893 server.cc(445) Entering Server::SendHttpOk
T 2019-07-29 10:42:38:904 server.cc(174) Entering Server::ProcessRequest
T 2019-07-29 10:42:38:904 server.cc(238) Entering Server::ReadRequestBody
T 2019-07-29 10:42:38:904 server.cc(183) Process request with: URI: /session HTTP verb: POST
body: {
  "desiredCapabilities": {
    "se:ieOptions": {
      "ie.usePerProcessProxy": "true"
    },
    "browserName": "internet explorer",
    "ie.usePerProcessProxy": "true"
  },
  "capabilities": {
    "firstMatch": [
      {
        "browserName": "internet explorer",
        "se:ieOptions": {
          "ie.usePerProcessProxy": "true"
        }
      }
    ]
  }
}
T 2019-07-29 10:42:38:904 server.cc(272) Entering Server::DispatchCommand
T 2019-07-29 10:42:38:904 server.cc(583) Entering Server::LookupCommand
D 2019-07-29 10:42:38:904 server.cc(281) Command: POST /session {
  "desiredCapabilities": {
    "se:ieOptions": {
      "ie.usePerProcessProxy": "true"
    },
    "browserName": "internet explorer",
    "ie.usePerProcessProxy": "true"
  },
  "capabilities": {
    "firstMatch": [
      {
        "browserName": "internet explorer",
        "se:ieOptions": {
          "ie.usePerProcessProxy": "true"
        }
      }
    ]
  }
}
T 2019-07-29 10:42:38:904 IEServer.cpp(42) Entering IEServer::InitializeSession
T 2019-07-29 10:42:38:904 IESession.cpp(38) Entering IESession::Initialize
D 2019-07-29 10:42:38:904 IESession.cpp(53) Mutex acquired for session initalization
T 2019-07-29 10:42:38:928 IECommandExecutor.cpp(386) Entering IECommandExecutor::ThreadProc
T 2019-07-29 10:42:38:933 IECommandExecutor.cpp(47) Entering IECommandExecutor::OnCreate
T 2019-07-29 10:42:38:933 IECommandExecutor.cpp(753) Entering IECommandExecutor::PopulateElementFinderMethods
T 2019-07-29 10:42:38:933 InputManager.cpp(40) Entering InputManager::InputManager
T 2019-07-29 10:42:38:933 InputManager.cpp(75) Entering InputManager::Initialize
T 2019-07-29 10:42:38:933 BrowserFactory.cpp(998) Entering BrowserFactory::GetExecutableLocation
T 2019-07-29 10:42:38:934 BrowserFactory.cpp(1039) Entering BrowserFactory::GetIEVersion
T 2019-07-29 10:42:38:934 CommandHandlerRepository.cpp(108) Entering CommandHandlerRepository::PopulateCommandHandlers
T 2019-07-29 10:42:38:934 IESession.cpp(99) Created thread for command executor returns HWND: '001709C2'
T 2019-07-29 10:42:38:934 IESession.cpp(103) Session id is retrived from command executor window: '893105d6-21a4-44dc-b590-ced55b398f1e'
D 2019-07-29 10:42:38:934 IESession.cpp(109) Releasing session initialization mutex
T 2019-07-29 10:42:38:934 IESession.cpp(191) Entering IESession::ExecuteCommand
T 2019-07-29 10:42:38:934 IECommandExecutor.cpp(122) Entering IECommandExecutor::OnSetCommand
T 2019-07-29 10:42:38:934 command.cc(31) Entering Command::Deserialize
D 2019-07-29 10:42:38:934 command.cc(36) Raw JSON command: { "name" : "newSession", "locator" : { }, "parameters" : {
  "desiredCapabilities": {
    "se:ieOptions": {
      "ie.usePerProcessProxy": "true"
    },
    "browserName": "internet explorer",
    "ie.usePerProcessProxy": "true"
  },
  "capabilities": {
    "firstMatch": [
      {
        "browserName": "internet explorer",
        "se:ieOptions": {
          "ie.usePerProcessProxy": "true"
        }
      }
    ]
  }
} }
T 2019-07-29 10:42:38:935 IECommandExecutor.cpp(133) Entering IECommandExecutor::OnExecCommand
T 2019-07-29 10:42:38:935 IECommandExecutor.cpp(454) Entering IECommandExecutor::DispatchCommand
D 2019-07-29 10:42:38:935 CommandHandlers\NewSessionCommandHandler.cpp(46) Found W3C capabilities structure
T 2019-07-29 10:42:38:935 IESession.cpp(212) Beginning wait for response length to be not zero
D 2019-07-29 10:42:38:935 CommandHandlers\NewSessionCommandHandler.cpp(505) Validating capabilities object
D 2019-07-29 10:42:38:935 CommandHandlers\NewSessionCommandHandler.cpp(505) Validating capabilities object
D 2019-07-29 10:42:38:935 CommandHandlers\NewSessionCommandHandler.cpp(535) Found browserNamecapability. Validating value type is string.
D 2019-07-29 10:42:38:935 CommandHandlers\NewSessionCommandHandler.cpp(794) Found proxycapability. Validating value type is object.
T 2019-07-29 10:42:38:935 BrowserFactory.cpp(113) Entering BrowserFactory::Initialize
T 2019-07-29 10:42:38:935 IECommandExecutor.cpp(631) Entering IECommandExecutor::CreateNewBrowser
T 2019-07-29 10:42:38:935 BrowserFactory.cpp(142) Entering BrowserFactory::LaunchBrowserProcess
D 2019-07-29 10:42:38:935 BrowserFactory.cpp(146) Ignoring Protected Mode Settings: 0
D 2019-07-29 10:42:38:935 BrowserFactory.cpp(149) Checking validity of Protected Mode settings.
T 2019-07-29 10:42:38:935 BrowserFactory.cpp(1058) Entering BrowserFactory::ProtectedModeSettingsAreValid
D 2019-07-29 10:42:38:935 BrowserFactory.cpp(1061) Detected IE version: 11, Windows version supports Protected Mode: 1
T 2019-07-29 10:42:38:935 BrowserFactory.cpp(1135) Entering BrowserFactory::GetZoneProtectedModeSetting
D 2019-07-29 10:42:38:935 BrowserFactory.cpp(1152) Found Protected Mode setting value of 3 for zone 1
T 2019-07-29 10:42:38:935 BrowserFactory.cpp(1135) Entering BrowserFactory::GetZoneProtectedModeSetting
D 2019-07-29 10:42:38:935 BrowserFactory.cpp(1156) RegQueryValueEx failed for getting Protected Mode setting for a zone: 2
T 2019-07-29 10:42:38:935 BrowserFactory.cpp(1135) Entering BrowserFactory::GetZoneProtectedModeSetting
D 2019-07-29 10:42:38:935 BrowserFactory.cpp(1156) RegQueryValueEx failed for getting Protected Mode setting for a zone: 3
T 2019-07-29 10:42:38:935 BrowserFactory.cpp(1135) Entering BrowserFactory::GetZoneProtectedModeSetting
D 2019-07-29 10:42:38:935 BrowserFactory.cpp(1156) RegQueryValueEx failed for getting Protected Mode setting for a zone: 4
D 2019-07-29 10:42:38:935 BrowserFactory.cpp(152) Has Valid Protected Mode Settings: 1
T 2019-07-29 10:42:38:935 BrowserFactory.cpp(226) Entering BrowserFactory::IsIELaunchURLAvailable
T 2019-07-29 10:42:38:940 BrowserFactory.cpp(130) Entering BrowserFactory::ClearCache
T 2019-07-29 10:42:38:940 BrowserFactory.cpp(247) Entering BrowserFactory::LaunchBrowserUsingIELaunchURL
D 2019-07-29 10:42:38:940 BrowserFactory.cpp(248) Starting IE using the IELaunchURL API
D 2019-07-29 10:42:39:162 BrowserFactory.cpp(202) IE launched successfully with process ID 8876
D 2019-07-29 10:42:39:162 BrowserFactory.cpp(208) Process with ID 8876 is executing iexplore.exe
T 2019-07-29 10:42:39:162 BrowserFactory.cpp(365) Entering BrowserFactory::AttachToBrowser
D 2019-07-29 10:42:39:162 BrowserFactory.cpp(375) Using Active Accessibility to find IWebBrowser2 interface
T 2019-07-29 10:42:39:162 BrowserFactory.cpp(414) Entering BrowserFactory::AttachToBrowserUsingActiveAccessibility
T 2019-07-29 10:42:39:545 server.cc(174) Entering Server::ProcessRequest
T 2019-07-29 10:42:39:545 server.cc(183) Process request with: URI: / HTTP verb: GET
body: {}
T 2019-07-29 10:42:39:545 server.cc(445) Entering Server::SendHttpOk
T 2019-07-29 10:42:39:869 server.cc(174) Entering Server::ProcessRequest
T 2019-07-29 10:42:39:869 server.cc(183) Process request with: URI: /favicon.ico HTTP verb: GET
body: {}
T 2019-07-29 10:42:39:869 server.cc(272) Entering Server::DispatchCommand
T 2019-07-29 10:42:39:869 server.cc(583) Entering Server::LookupCommand
D 2019-07-29 10:42:39:869 server.cc(281) Command: GET /favicon.ico {}
D 2019-07-29 10:42:39:869 server.cc(338) Response: { "error" : "unknown method", "message" : "Command not found: GET /favicon.ico" }
T 2019-07-29 10:42:39:869 server.cc(391) Entering Server::SendResponseToClient
T 2019-07-29 10:42:39:869 response.cc(30) Entering Response::Deserialize
T 2019-07-29 10:42:39:869 server.cc(445) Entering Server::SendHttpOk
D 2019-07-29 10:42:39:958 BrowserFactory.cpp(434) Found window handle 0014089C for window with class 'Internet Explorer_Server' belonging to process with id 8876
T 2019-07-29 10:42:39:958 BrowserFactory.cpp(329) Entering BrowserFactory::GetDocumentFromWindowHandle
D 2019-07-29 10:42:40:140 BrowserFactory.cpp(396) Ignoring zoom setting: 0
T 2019-07-29 10:42:40:140 BrowserFactory.cpp(574) Entering BrowserFactory::GetBrowserZoomLevel
T 2019-07-29 10:42:40:188 BrowserFactory.cpp(614) Entering BrowserFactory::GetZoomLevel
D 2019-07-29 10:42:40:245 BrowserFactory.cpp(694) Browser zoom level is 100%
I 2019-07-29 10:42:40:248 IECommandExecutor.cpp(654) Persistent hovering set to: 1
T 2019-07-29 10:42:40:248 ProxyManager.cpp(97) ProxyManager::SetProxySettings
D 2019-07-29 10:42:40:248 ProxyManager.cpp(113) Using existing system proxy settings.
T 2019-07-29 10:42:40:248 DocumentHost.cpp(33) Entering DocumentHost::DocumentHost
T 2019-07-29 10:42:40:248 CookieManager.cpp(49) Entering CookieManager::Initialize
T 2019-07-29 10:42:40:248 Browser.cpp(33) Entering Browser::Browser
T 2019-07-29 10:42:40:248 Browser.cpp(293) Entering Browser::AttachEvents
T 2019-07-29 10:42:40:251 IECommandExecutor.cpp(621) Entering IECommandExecutor::AddManagedBrowser
T 2019-07-29 10:42:40:251 IECommandExecutor.cpp(625) Setting current browser id to 93ae4ffa-2ff6-4325-9455-fd12883fd61d
T 2019-07-29 10:42:40:251 response.cc(72) Entering Response::SetSuccessResponse
T 2019-07-29 10:42:40:251 response.cc(78) Entering Response::SetResponse
T 2019-07-29 10:42:40:251 IECommandExecutor.cpp(577) Entering IECommandExecutor::GetCurrentBrowser
T 2019-07-29 10:42:40:251 IECommandExecutor.cpp(583) Entering IECommandExecutor::GetManagedBrowser
T 2019-07-29 10:42:40:251 response.cc(51) Entering Response::Serialize
T 2019-07-29 10:42:40:254 IESession.cpp(221) Found non-zero response length
T 2019-07-29 10:42:40:254 IECommandExecutor.cpp(156) Entering IECommandExecutor::OnGetResponse
T 2019-07-29 10:42:40:254 IECommandExecutor.cpp(285) Entering IECommandExecutor::OnIsSessionValid
T 2019-07-29 10:42:40:254 response.cc(30) Entering Response::Deserialize
D 2019-07-29 10:42:40:254 server.cc(338) Response: {"value":{"capabilities":{"acceptInsecureCerts":false,"browserName":"internet explorer","browserVersion":"11","pageLoadStrategy":"normal","platformName":"windows","se:ieOptions":{"browserAttachTimeout":0,"elementScrollBehavior":0,"enablePersistentHover":true,"ie.browserCommandLineSwitches":"","ie.ensureCleanSession":false,"ie.fileUploadDialogTimeout":3000,"ie.forceCreateProcessApi":false,"ignoreProtectedModeSettings":false,"ignoreZoomSetting":false,"initialBrowserUrl":"http://localhost:39065/","nativeEvents":true,"requireWindowFocus":false},"setWindowRect":true},"sessionId":"893105d6-21a4-44dc-b590-ced55b398f1e"}}

T 2019-07-29 10:42:40:254 server.cc(391) Entering Server::SendResponseToClient
T 2019-07-29 10:42:40:254 response.cc(30) Entering Response::Deserialize
T 2019-07-29 10:42:40:254 server.cc(445) Entering Server::SendHttpOk
T 2019-07-29 10:42:40:259 server.cc(174) Entering Server::ProcessRequest
T 2019-07-29 10:42:40:259 server.cc(238) Entering Server::ReadRequestBody
T 2019-07-29 10:42:40:259 server.cc(183) Process request with: URI: /session/893105d6-21a4-44dc-b590-ced55b398f1e/timeouts HTTP verb: POST
body: {
  "implicit": 0
}
T 2019-07-29 10:42:40:259 server.cc(272) Entering Server::DispatchCommand
T 2019-07-29 10:42:40:259 server.cc(583) Entering Server::LookupCommand
D 2019-07-29 10:42:40:259 server.cc(281) Command: POST /session/893105d6-21a4-44dc-b590-ced55b398f1e/timeouts {
  "implicit": 0
}
T 2019-07-29 10:42:40:259 server.cc(378) Entering Server::LookupSession
T 2019-07-29 10:42:40:259 IESession.cpp(191) Entering IESession::ExecuteCommand
T 2019-07-29 10:42:40:259 IECommandExecutor.cpp(122) Entering IECommandExecutor::OnSetCommand
T 2019-07-29 10:42:40:259 command.cc(31) Entering Command::Deserialize
D 2019-07-29 10:42:40:259 command.cc(36) Raw JSON command: { "name" : "setTimeouts", "locator" : { "sessionid" : "893105d6-21a4-44dc-b590-ced55b398f1e" }, "parameters" : {
  "implicit": 0
} }
T 2019-07-29 10:42:40:259 IECommandExecutor.cpp(133) Entering IECommandExecutor::OnExecCommand
T 2019-07-29 10:42:40:259 IESession.cpp(212) Beginning wait for response length to be not zero
T 2019-07-29 10:42:40:259 IECommandExecutor.cpp(454) Entering IECommandExecutor::DispatchCommand
T 2019-07-29 10:42:40:259 IECommandExecutor.cpp(577) Entering IECommandExecutor::GetCurrentBrowser
T 2019-07-29 10:42:40:259 IECommandExecutor.cpp(583) Entering IECommandExecutor::GetManagedBrowser
T 2019-07-29 10:42:40:259 IECommandExecutor.cpp(529) Entering IECommandExecutor::IsAlertActive
T 2019-07-29 10:42:40:259 Browser.cpp(700) Entering Browser::GetActiveDialogWindowHandle
T 2019-07-29 10:42:40:259 Browser.cpp(206) Entering Browser::GetContentWindowHandle
D 2019-07-29 10:42:40:260 IECommandExecutor.cpp(543) No alert handle is found
T 2019-07-29 10:42:40:260 IECommandExecutor.cpp(577) Entering IECommandExecutor::GetCurrentBrowser
T 2019-07-29 10:42:40:260 IECommandExecutor.cpp(583) Entering IECommandExecutor::GetManagedBrowser
T 2019-07-29 10:42:40:260 response.cc(51) Entering Response::Serialize
T 2019-07-29 10:42:40:270 IESession.cpp(221) Found non-zero response length
T 2019-07-29 10:42:40:270 IECommandExecutor.cpp(156) Entering IECommandExecutor::OnGetResponse
T 2019-07-29 10:42:40:270 IECommandExecutor.cpp(285) Entering IECommandExecutor::OnIsSessionValid
D 2019-07-29 10:42:40:270 server.cc(338) Response: {"value":null}

T 2019-07-29 10:42:40:270 server.cc(391) Entering Server::SendResponseToClient
T 2019-07-29 10:42:40:270 response.cc(30) Entering Response::Deserialize
T 2019-07-29 10:42:40:271 server.cc(445) Entering Server::SendHttpOk
T 2019-07-29 10:42:40:274 server.cc(174) Entering Server::ProcessRequest
T 2019-07-29 10:42:40:274 server.cc(238) Entering Server::ReadRequestBody
T 2019-07-29 10:42:40:274 server.cc(183) Process request with: URI: /session/893105d6-21a4-44dc-b590-ced55b398f1e/execute/sync HTTP verb: POST
body: {
  "script": "return navigator.sayswho= (function() { var ua= navigator.userAgent, tem, M= ua.match(\u002f(opera|chrome|safari|firefox|msie|trident)\\\u002f?\\s*(\\.?\\d+(\\.\\d+)*)\u002fi) || []; if (\u002ftrident\u002fi.test(M[1])) {     tem=  \u002f\\brv[ :]+(\\d+)\u002fg.exec(ua) || [];     return 'IE '+(tem[1] || ''); } if(M[1]=== 'Chrome') {     tem= ua.match(\u002f\\b(OPR|Edge)\\\u002f(\\d+)\u002f);     if(tem!= null) return tem.slice(1).join(' ').replace('OPR', 'Opera'); } M= M[2]? [M[1], M[2]]: [navigator.appName, navigator.appVersion, '-?']; if((tem= ua.match(\u002fversion\\\u002f(\\d+)\u002fi))!= null) M.splice(1, 1, tem[1]); return M.join(' ').replace('MSIE', 'IE');})();",
  "args": [
  ]
}
T 2019-07-29 10:42:40:274 server.cc(272) Entering Server::DispatchCommand
T 2019-07-29 10:42:40:274 server.cc(583) Entering Server::LookupCommand
D 2019-07-29 10:42:40:274 server.cc(281) Command: POST /session/893105d6-21a4-44dc-b590-ced55b398f1e/execute/sync {
  "script": "return navigator.sayswho= (function() { var ua= navigator.userAgent, tem, M= ua.match(\u002f(opera|chrome|safari|firefox|msie|trident)\\\u002f?\\s*(\\.?\\d+(\\.\\d+)*)\u002fi) || []; if (\u002ftrident\u002fi.test(M[1])) {     tem=  \u002f\\brv[ :]+(\\d+)\u002fg.exec(ua) || [];     return 'IE '+(tem[1] || ''); } if(M[1]=== 'Chrome') {     tem= ua.match(\u002f\\b(OPR|Edge)\\\u002f(\\d+)\u002f);     if(tem!= null) return tem.slice(1).join(' ').replace('OPR', 'Opera'); } M= M[2]? [M[1], M[2]]: [navigator.appName, navigator.appVersion, '-?']; if((tem= ua.match(\u002fversion\\\u002f(\\d+)\u002fi))!= null) M.splice(1, 1, tem[1]); return M.join(' ').replace('MSIE', 'IE');})();",
  "args": [
  ]
}
T 2019-07-29 10:42:40:274 server.cc(378) Entering Server::LookupSession
T 2019-07-29 10:42:40:274 IESession.cpp(191) Entering IESession::ExecuteCommand
T 2019-07-29 10:42:40:274 IECommandExecutor.cpp(122) Entering IECommandExecutor::OnSetCommand
T 2019-07-29 10:42:40:274 command.cc(31) Entering Command::Deserialize
D 2019-07-29 10:42:40:274 command.cc(36) Raw JSON command: { "name" : "executeScript", "locator" : { "sessionid" : "893105d6-21a4-44dc-b590-ced55b398f1e" }, "parameters" : {
  "script": "return navigator.sayswho= (function() { var ua= navigator.userAgent, tem, M= ua.match(\u002f(opera|chrome|safari|firefox|msie|trident)\\\u002f?\\s*(\\.?\\d+(\\.\\d+)*)\u002fi) || []; if (\u002ftrident\u002fi.test(M[1])) {     tem=  \u002f\\brv[ :]+(\\d+)\u002fg.exec(ua) || [];     return 'IE '+(tem[1] || ''); } if(M[1]=== 'Chrome') {     tem= ua.match(\u002f\\b(OPR|Edge)\\\u002f(\\d+)\u002f);     if(tem!= null) return tem.slice(1).join(' ').replace('OPR', 'Opera'); } M= M[2]? [M[1], M[2]]: [navigator.appName, navigator.appVersion, '-?']; if((tem= ua.match(\u002fversion\\\u002f(\\d+)\u002fi))!= null) M.splice(1, 1, tem[1]); return M.join(' ').replace('MSIE', 'IE');})();",
  "args": [
  ]
} }
T 2019-07-29 10:42:40:274 IECommandExecutor.cpp(133) Entering IECommandExecutor::OnExecCommand
T 2019-07-29 10:42:40:274 IECommandExecutor.cpp(454) Entering IECommandExecutor::DispatchCommand
T 2019-07-29 10:42:40:274 IECommandExecutor.cpp(577) Entering IECommandExecutor::GetCurrentBrowser
T 2019-07-29 10:42:40:274 IECommandExecutor.cpp(583) Entering IECommandExecutor::GetManagedBrowser
T 2019-07-29 10:42:40:274 IECommandExecutor.cpp(529) Entering IECommandExecutor::IsAlertActive
T 2019-07-29 10:42:40:274 Browser.cpp(700) Entering Browser::GetActiveDialogWindowHandle
T 2019-07-29 10:42:40:274 Browser.cpp(206) Entering Browser::GetContentWindowHandle
D 2019-07-29 10:42:40:274 IECommandExecutor.cpp(543) No alert handle is found
T 2019-07-29 10:42:40:274 IECommandExecutor.cpp(577) Entering IECommandExecutor::GetCurrentBrowser
T 2019-07-29 10:42:40:274 IECommandExecutor.cpp(583) Entering IECommandExecutor::GetManagedBrowser
T 2019-07-29 10:42:40:274 Browser.cpp(126) Entering Browser::GetDocument
I 2019-07-29 10:42:40:274 Browser.cpp(130) No child frame focus. Focus is on top-level frame
T 2019-07-29 10:42:40:274 IESession.cpp(212) Beginning wait for response length to be not zero
T 2019-07-29 10:42:40:287 Browser.cpp(613) Entering Browser::GetDocumentFromWindow
T 2019-07-29 10:42:40:292 Script.cpp(49) Entering Script::Initialize
T 2019-07-29 10:42:40:292 CommandHandlers\ExecuteScriptCommandHandler.cpp(85) Entering ExecuteScriptCommandHandler::PopulateArgumentArray
T 2019-07-29 10:42:40:292 Script.cpp(169) Entering Script::Execute
T 2019-07-29 10:42:40:292 Script.cpp(438) Entering Script::CreateAnonymousFunction
T 2019-07-29 10:42:40:329 Script.cpp(426) Entering Script::ConvertResultToJsonValue
T 2019-07-29 10:42:40:329 response.cc(72) Entering Response::SetSuccessResponse
T 2019-07-29 10:42:40:329 response.cc(78) Entering Response::SetResponse
T 2019-07-29 10:42:40:330 IECommandExecutor.cpp(577) Entering IECommandExecutor::GetCurrentBrowser
T 2019-07-29 10:42:40:330 IECommandExecutor.cpp(583) Entering IECommandExecutor::GetManagedBrowser
T 2019-07-29 10:42:40:330 response.cc(51) Entering Response::Serialize
T 2019-07-29 10:42:40:336 IESession.cpp(221) Found non-zero response length
T 2019-07-29 10:42:40:336 IECommandExecutor.cpp(156) Entering IECommandExecutor::OnGetResponse
T 2019-07-29 10:42:40:336 IECommandExecutor.cpp(285) Entering IECommandExecutor::OnIsSessionValid
D 2019-07-29 10:42:40:336 server.cc(338) Response: {"value":"IE 11"}

T 2019-07-29 10:42:40:336 server.cc(391) Entering Server::SendResponseToClient
T 2019-07-29 10:42:40:336 response.cc(30) Entering Response::Deserialize
T 2019-07-29 10:42:40:336 server.cc(445) Entering Server::SendHttpOk
T 2019-07-29 10:42:40:344 server.cc(174) Entering Server::ProcessRequest
T 2019-07-29 10:42:40:344 server.cc(238) Entering Server::ReadRequestBody
T 2019-07-29 10:42:40:344 server.cc(183) Process request with: URI: /session/893105d6-21a4-44dc-b590-ced55b398f1e/url HTTP verb: POST
body: {
  "url": "http:\u002f\u002f10.50.120.22\u002fnvkids\u002f#\u002flogin"
}
T 2019-07-29 10:42:40:344 server.cc(272) Entering Server::DispatchCommand
T 2019-07-29 10:42:40:344 server.cc(583) Entering Server::LookupCommand
D 2019-07-29 10:42:40:344 server.cc(281) Command: POST /session/893105d6-21a4-44dc-b590-ced55b398f1e/url {
  "url": "http:\u002f\u002f10.50.120.22\u002fnvkids\u002f#\u002flogin"
}
T 2019-07-29 10:42:40:344 server.cc(378) Entering Server::LookupSession
T 2019-07-29 10:42:40:344 IESession.cpp(191) Entering IESession::ExecuteCommand
T 2019-07-29 10:42:40:344 IECommandExecutor.cpp(122) Entering IECommandExecutor::OnSetCommand
T 2019-07-29 10:42:40:344 command.cc(31) Entering Command::Deserialize
D 2019-07-29 10:42:40:344 command.cc(36) Raw JSON command: { "name" : "get", "locator" : { "sessionid" : "893105d6-21a4-44dc-b590-ced55b398f1e" }, "parameters" : {
  "url": "http:\u002f\u002f10.50.120.22\u002fnvkids\u002f#\u002flogin"
} }
T 2019-07-29 10:42:40:344 IECommandExecutor.cpp(133) Entering IECommandExecutor::OnExecCommand
T 2019-07-29 10:42:40:344 IECommandExecutor.cpp(454) Entering IECommandExecutor::DispatchCommand
T 2019-07-29 10:42:40:344 IECommandExecutor.cpp(577) Entering IECommandExecutor::GetCurrentBrowser
T 2019-07-29 10:42:40:344 IECommandExecutor.cpp(583) Entering IECommandExecutor::GetManagedBrowser
T 2019-07-29 10:42:40:344 IECommandExecutor.cpp(529) Entering IECommandExecutor::IsAlertActive
T 2019-07-29 10:42:40:344 Browser.cpp(700) Entering Browser::GetActiveDialogWindowHandle
T 2019-07-29 10:42:40:344 Browser.cpp(206) Entering Browser::GetContentWindowHandle
D 2019-07-29 10:42:40:344 IECommandExecutor.cpp(543) No alert handle is found
T 2019-07-29 10:42:40:344 IECommandExecutor.cpp(577) Entering IECommandExecutor::GetCurrentBrowser
T 2019-07-29 10:42:40:344 IECommandExecutor.cpp(583) Entering IECommandExecutor::GetManagedBrowser
T 2019-07-29 10:42:40:344 Browser.cpp(318) Entring Browser::NavigateToUrl
T 2019-07-29 10:42:40:345 IESession.cpp(212) Beginning wait for response length to be not zero
T 2019-07-29 10:42:40:562 DocumentHost.cpp(142) Entering DocumentHost::SetFocusedFrameByElement
T 2019-07-29 10:42:40:562 response.cc(72) Entering Response::SetSuccessResponse
T 2019-07-29 10:42:40:562 response.cc(78) Entering Response::SetResponse
T 2019-07-29 10:42:40:562 IECommandExecutor.cpp(577) Entering IECommandExecutor::GetCurrentBrowser
T 2019-07-29 10:42:40:562 IECommandExecutor.cpp(583) Entering IECommandExecutor::GetManagedBrowser
T 2019-07-29 10:42:40:562 response.cc(51) Entering Response::Serialize
T 2019-07-29 10:42:40:562 IECommandExecutor.cpp(172) Entering IECommandExecutor::OnWait
T 2019-07-29 10:42:40:562 IECommandExecutor.cpp(577) Entering IECommandExecutor::GetCurrentBrowser
T 2019-07-29 10:42:40:562 IECommandExecutor.cpp(583) Entering IECommandExecutor::GetManagedBrowser
T 2019-07-29 10:42:40:562 Browser.cpp(438) Entering Browser::Wait
D 2019-07-29 10:42:40:562 Browser.cpp(448) Navigate Events Completed.
T 2019-07-29 10:42:40:562 Browser.cpp(700) Entering Browser::GetActiveDialogWindowHandle
T 2019-07-29 10:42:40:562 Browser.cpp(206) Entering Browser::GetContentWindowHandle
D 2019-07-29 10:42:40:564 Browser.cpp(508) Waiting for document to complete...
T 2019-07-29 10:42:40:564 Browser.cpp(522) Entering Browser::IsDocumentNavigating
D 2019-07-29 10:42:40:670 Browser.cpp(513) Not in navigating state
T 2019-07-29 10:42:40:678 IESession.cpp(221) Found non-zero response length
T 2019-07-29 10:42:40:678 IECommandExecutor.cpp(156) Entering IECommandExecutor::OnGetResponse
T 2019-07-29 10:42:40:678 IECommandExecutor.cpp(285) Entering IECommandExecutor::OnIsSessionValid
D 2019-07-29 10:42:40:678 server.cc(338) Response: {"value":null}

T 2019-07-29 10:42:40:678 server.cc(391) Entering Server::SendResponseToClient
T 2019-07-29 10:42:40:678 response.cc(30) Entering Response::Deserialize
T 2019-07-29 10:42:40:678 server.cc(445) Entering Server::SendHttpOk
T 2019-07-29 10:42:40:686 server.cc(174) Entering Server::ProcessRequest
T 2019-07-29 10:42:40:686 server.cc(238) Entering Server::ReadRequestBody
T 2019-07-29 10:42:40:686 server.cc(183) Process request with: URI: /session/893105d6-21a4-44dc-b590-ced55b398f1e/window/maximize HTTP verb: POST
body: {
}
T 2019-07-29 10:42:40:686 server.cc(272) Entering Server::DispatchCommand
T 2019-07-29 10:42:40:686 server.cc(583) Entering Server::LookupCommand
D 2019-07-29 10:42:40:686 server.cc(281) Command: POST /session/893105d6-21a4-44dc-b590-ced55b398f1e/window/maximize {
}
T 2019-07-29 10:42:40:686 server.cc(378) Entering Server::LookupSession
T 2019-07-29 10:42:40:686 IESession.cpp(191) Entering IESession::ExecuteCommand
T 2019-07-29 10:42:40:686 IECommandExecutor.cpp(122) Entering IECommandExecutor::OnSetCommand
T 2019-07-29 10:42:40:686 command.cc(31) Entering Command::Deserialize
D 2019-07-29 10:42:40:686 command.cc(36) Raw JSON command: { "name" : "maximizeWindow", "locator" : { "sessionid" : "893105d6-21a4-44dc-b590-ced55b398f1e" }, "parameters" : {
} }
T 2019-07-29 10:42:40:686 IECommandExecutor.cpp(133) Entering IECommandExecutor::OnExecCommand
T 2019-07-29 10:42:40:686 IESession.cpp(212) Beginning wait for response length to be not zero
T 2019-07-29 10:42:40:686 IECommandExecutor.cpp(454) Entering IECommandExecutor::DispatchCommand
T 2019-07-29 10:42:40:686 IECommandExecutor.cpp(577) Entering IECommandExecutor::GetCurrentBrowser
T 2019-07-29 10:42:40:686 IECommandExecutor.cpp(583) Entering IECommandExecutor::GetManagedBrowser
T 2019-07-29 10:42:40:686 IECommandExecutor.cpp(529) Entering IECommandExecutor::IsAlertActive
T 2019-07-29 10:42:40:686 Browser.cpp(700) Entering Browser::GetActiveDialogWindowHandle
T 2019-07-29 10:42:40:686 Browser.cpp(206) Entering Browser::GetContentWindowHandle
D 2019-07-29 10:42:40:686 IECommandExecutor.cpp(543) No alert handle is found
T 2019-07-29 10:42:40:686 IECommandExecutor.cpp(577) Entering IECommandExecutor::GetCurrentBrowser
T 2019-07-29 10:42:40:686 IECommandExecutor.cpp(583) Entering IECommandExecutor::GetManagedBrowser
T 2019-07-29 10:42:40:686 Browser.cpp(416) Entering Browser::GetTopLevelWindowHandle
T 2019-07-29 10:42:40:686 response.cc(72) Entering Response::SetSuccessResponse
T 2019-07-29 10:42:40:686 response.cc(78) Entering Response::SetResponse
T 2019-07-29 10:42:40:686 IECommandExecutor.cpp(577) Entering IECommandExecutor::GetCurrentBrowser
T 2019-07-29 10:42:40:686 IECommandExecutor.cpp(583) Entering IECommandExecutor::GetManagedBrowser
T 2019-07-29 10:42:40:686 response.cc(51) Entering Response::Serialize
T 2019-07-29 10:42:40:709 IESession.cpp(221) Found non-zero response length
T 2019-07-29 10:42:40:709 IECommandExecutor.cpp(156) Entering IECommandExecutor::OnGetResponse
T 2019-07-29 10:42:40:709 IECommandExecutor.cpp(285) Entering IECommandExecutor::OnIsSessionValid
D 2019-07-29 10:42:40:709 server.cc(338) Response: {"value":{"height":1056,"width":1936,"x":-8,"y":-8}}

T 2019-07-29 10:42:40:709 server.cc(391) Entering Server::SendResponseToClient
T 2019-07-29 10:42:40:709 response.cc(30) Entering Response::Deserialize
T 2019-07-29 10:42:40:709 server.cc(445) Entering Server::SendHttpOk
T 2019-07-29 10:42:40:715 server.cc(174) Entering Server::ProcessRequest
T 2019-07-29 10:42:40:715 server.cc(238) Entering Server::ReadRequestBody
T 2019-07-29 10:42:40:715 server.cc(183) Process request with: URI: /session/893105d6-21a4-44dc-b590-ced55b398f1e/execute/sync HTTP verb: POST
body: {
  "script": "return (window.angular === undefined) || (angular.element(document.body).injector() === undefined)",
  "args": [
  ]
}
T 2019-07-29 10:42:40:715 server.cc(272) Entering Server::DispatchCommand
T 2019-07-29 10:42:40:715 server.cc(583) Entering Server::LookupCommand
D 2019-07-29 10:42:40:715 server.cc(281) Command: POST /session/893105d6-21a4-44dc-b590-ced55b398f1e/execute/sync {
  "script": "return (window.angular === undefined) || (angular.element(document.body).injector() === undefined)",
  "args": [
  ]
}
T 2019-07-29 10:42:40:715 server.cc(378) Entering Server::LookupSession
T 2019-07-29 10:42:40:715 IESession.cpp(191) Entering IESession::ExecuteCommand
T 2019-07-29 10:42:40:715 IECommandExecutor.cpp(122) Entering IECommandExecutor::OnSetCommand
T 2019-07-29 10:42:40:715 command.cc(31) Entering Command::Deserialize
D 2019-07-29 10:42:40:715 command.cc(36) Raw JSON command: { "name" : "executeScript", "locator" : { "sessionid" : "893105d6-21a4-44dc-b590-ced55b398f1e" }, "parameters" : {
  "script": "return (window.angular === undefined) || (angular.element(document.body).injector() === undefined)",
  "args": [
  ]
} }
T 2019-07-29 10:42:40:716 IECommandExecutor.cpp(133) Entering IECommandExecutor::OnExecCommand
T 2019-07-29 10:42:40:716 IECommandExecutor.cpp(454) Entering IECommandExecutor::DispatchCommand
T 2019-07-29 10:42:40:716 IECommandExecutor.cpp(577) Entering IECommandExecutor::GetCurrentBrowser
T 2019-07-29 10:42:40:716 IECommandExecutor.cpp(583) Entering IECommandExecutor::GetManagedBrowser
T 2019-07-29 10:42:40:716 IECommandExecutor.cpp(529) Entering IECommandExecutor::IsAlertActive
T 2019-07-29 10:42:40:716 Browser.cpp(700) Entering Browser::GetActiveDialogWindowHandle
T 2019-07-29 10:42:40:716 Browser.cpp(206) Entering Browser::GetContentWindowHandle
T 2019-07-29 10:42:40:716 IESession.cpp(212) Beginning wait for response length to be not zero
D 2019-07-29 10:42:40:716 IECommandExecutor.cpp(543) No alert handle is found
T 2019-07-29 10:42:40:716 IECommandExecutor.cpp(577) Entering IECommandExecutor::GetCurrentBrowser
T 2019-07-29 10:42:40:716 IECommandExecutor.cpp(583) Entering IECommandExecutor::GetManagedBrowser
T 2019-07-29 10:42:40:716 Browser.cpp(126) Entering Browser::GetDocument
I 2019-07-29 10:42:40:716 Browser.cpp(130) No child frame focus. Focus is on top-level frame
T 2019-07-29 10:42:40:841 Browser.cpp(613) Entering Browser::GetDocumentFromWindow
T 2019-07-29 10:42:40:851 Script.cpp(49) Entering Script::Initialize
T 2019-07-29 10:42:40:851 CommandHandlers\ExecuteScriptCommandHandler.cpp(85) Entering ExecuteScriptCommandHandler::PopulateArgumentArray
T 2019-07-29 10:42:40:851 Script.cpp(169) Entering Script::Execute
T 2019-07-29 10:42:40:851 Script.cpp(438) Entering Script::CreateAnonymousFunction
T 2019-07-29 10:42:40:888 Browser.cpp(54) Entering Browser::OnQuit
T 2019-07-29 10:42:40:888 DocumentHost.cpp(252) Entering DocumentHost::PostQuitMessage
T 2019-07-29 10:42:40:898 Script.cpp(426) Entering Script::ConvertResultToJsonValue
T 2019-07-29 10:42:40:898 response.cc(72) Entering Response::SetSuccessResponse
T 2019-07-29 10:42:40:898 response.cc(78) Entering Response::SetResponse
T 2019-07-29 10:42:40:898 IECommandExecutor.cpp(577) Entering IECommandExecutor::GetCurrentBrowser
T 2019-07-29 10:42:40:898 IECommandExecutor.cpp(583) Entering IECommandExecutor::GetManagedBrowser
T 2019-07-29 10:42:40:898 response.cc(51) Entering Response::Serialize
T 2019-07-29 10:42:40:898 IECommandExecutor.cpp(250) Entering IECommandExecutor::OnBrowserQuit
T 2019-07-29 10:42:40:898 IECommandExecutor.cpp(529) Entering IECommandExecutor::IsAlertActive
T 2019-07-29 10:42:40:898 Browser.cpp(700) Entering Browser::GetActiveDialogWindowHandle
T 2019-07-29 10:42:40:898 Browser.cpp(206) Entering Browser::GetContentWindowHandle
D 2019-07-29 10:42:40:898 IECommandExecutor.cpp(543) No alert handle is found
T 2019-07-29 10:42:40:898 Browser.cpp(300) Entering Browser::DetachEvents
T 2019-07-29 10:42:40:899 IESession.cpp(221) Found non-zero response length
T 2019-07-29 10:42:40:899 IECommandExecutor.cpp(156) Entering IECommandExecutor::OnGetResponse
T 2019-07-29 10:42:40:899 IECommandExecutor.cpp(285) Entering IECommandExecutor::OnIsSessionValid
D 2019-07-29 10:42:40:899 server.cc(338) Response: {"value":true}

T 2019-07-29 10:42:40:899 server.cc(391) Entering Server::SendResponseToClient
T 2019-07-29 10:42:40:899 response.cc(30) Entering Response::Deserialize
T 2019-07-29 10:42:40:899 server.cc(445) Entering Server::SendHttpOk
T 2019-07-29 10:42:40:910 server.cc(174) Entering Server::ProcessRequest
T 2019-07-29 10:42:40:910 server.cc(238) Entering Server::ReadRequestBody
T 2019-07-29 10:42:40:910 server.cc(183) Process request with: URI: /session/893105d6-21a4-44dc-b590-ced55b398f1e/elements HTTP verb: POST
body: {
  "value": "\u002f\u002finput[@type='text']",
  "using": "xpath"
}
T 2019-07-29 10:42:40:910 server.cc(272) Entering Server::DispatchCommand
T 2019-07-29 10:42:40:910 server.cc(583) Entering Server::LookupCommand
D 2019-07-29 10:42:40:910 server.cc(281) Command: POST /session/893105d6-21a4-44dc-b590-ced55b398f1e/elements {
  "value": "\u002f\u002finput[@type='text']",
  "using": "xpath"
}
T 2019-07-29 10:42:40:910 server.cc(378) Entering Server::LookupSession
T 2019-07-29 10:42:40:910 IESession.cpp(191) Entering IESession::ExecuteCommand
T 2019-07-29 10:42:40:910 IECommandExecutor.cpp(122) Entering IECommandExecutor::OnSetCommand
T 2019-07-29 10:42:40:910 command.cc(31) Entering Command::Deserialize
D 2019-07-29 10:42:40:910 command.cc(36) Raw JSON command: { "name" : "findElements", "locator" : { "sessionid" : "893105d6-21a4-44dc-b590-ced55b398f1e" }, "parameters" : {
  "value": "\u002f\u002finput[@type='text']",
  "using": "xpath"
} }
T 2019-07-29 10:42:40:910 IESession.cpp(212) Beginning wait for response length to be not zero
T 2019-07-29 10:42:40:939 IECommandExecutor.cpp(133) Entering IECommandExecutor::OnExecCommand
T 2019-07-29 10:42:40:939 IECommandExecutor.cpp(454) Entering IECommandExecutor::DispatchCommand
T 2019-07-29 10:42:40:939 IECommandExecutor.cpp(577) Entering IECommandExecutor::GetCurrentBrowser
T 2019-07-29 10:42:40:939 IECommandExecutor.cpp(583) Entering IECommandExecutor::GetManagedBrowser
W 2019-07-29 10:42:40:939 IECommandExecutor.cpp(591) Browser ID requested was an empty string
W 2019-07-29 10:42:40:939 IECommandExecutor.cpp(503) Unable to find current browser
T 2019-07-29 10:42:40:939 IECommandExecutor.cpp(734) Entering IECommandExecutor::LocateElements
T 2019-07-29 10:42:40:939 IECommandExecutor.cpp(695) Entering IECommandExecutor::GetElementFindMethod
T 2019-07-29 10:42:40:939 ElementFinder.cpp(111) Entering ElementFinder::FindElements
T 2019-07-29 10:42:40:939 IECommandExecutor.cpp(577) Entering IECommandExecutor::GetCurrentBrowser
T 2019-07-29 10:42:40:939 IECommandExecutor.cpp(583) Entering IECommandExecutor::GetManagedBrowser
W 2019-07-29 10:42:40:939 IECommandExecutor.cpp(591) Browser ID requested was an empty string
W 2019-07-29 10:42:40:939 ElementFinder.cpp(167) Unable to get browser
T 2019-07-29 10:42:40:939 response.cc(85) Entering Response::SetErrorResponse
T 2019-07-29 10:42:40:939 response.cc(78) Entering Response::SetResponse
T 2019-07-29 10:42:40:939 IECommandExecutor.cpp(577) Entering IECommandExecutor::GetCurrentBrowser
T 2019-07-29 10:42:40:939 IECommandExecutor.cpp(583) Entering IECommandExecutor::GetManagedBrowser
W 2019-07-29 10:42:40:939 IECommandExecutor.cpp(591) Browser ID requested was an empty string
W 2019-07-29 10:42:40:939 IECommandExecutor.cpp(520) Unable to get current browser
T 2019-07-29 10:42:40:939 response.cc(51) Entering Response::Serialize
T 2019-07-29 10:42:40:948 IESession.cpp(221) Found non-zero response length
T 2019-07-29 10:42:40:948 IECommandExecutor.cpp(156) Entering IECommandExecutor::OnGetResponse
T 2019-07-29 10:42:40:948 IECommandExecutor.cpp(285) Entering IECommandExecutor::OnIsSessionValid
D 2019-07-29 10:42:40:949 server.cc(338) Response: {"value":{"data":null,"error":"no such window","message":"Unable to find elements on closed window","stacktrace":""}}

T 2019-07-29 10:42:40:949 server.cc(391) Entering Server::SendResponseToClient
T 2019-07-29 10:42:40:949 response.cc(30) Entering Response::Deserialize
T 2019-07-29 10:42:40:949 server.cc(465) Entering Server::SendHttpBadRequest
T 2019-07-29 10:42:40:952 server.cc(174) Entering Server::ProcessRequest
T 2019-07-29 10:42:40:952 server.cc(183) Process request with: URI: /session/893105d6-21a4-44dc-b590-ced55b398f1e/screenshot HTTP verb: GET
body: {}
T 2019-07-29 10:42:40:952 server.cc(272) Entering Server::DispatchCommand
T 2019-07-29 10:42:40:952 server.cc(583) Entering Server::LookupCommand
D 2019-07-29 10:42:40:952 server.cc(281) Command: GET /session/893105d6-21a4-44dc-b590-ced55b398f1e/screenshot {}
T 2019-07-29 10:42:40:952 server.cc(378) Entering Server::LookupSession
T 2019-07-29 10:42:40:952 IESession.cpp(191) Entering IESession::ExecuteCommand
T 2019-07-29 10:42:40:952 IECommandExecutor.cpp(122) Entering IECommandExecutor::OnSetCommand
T 2019-07-29 10:42:40:952 command.cc(31) Entering Command::Deserialize
D 2019-07-29 10:42:40:952 command.cc(36) Raw JSON command: { "name" : "takeScreenshot", "locator" : { "sessionid" : "893105d6-21a4-44dc-b590-ced55b398f1e" }, "parameters" : {} }
T 2019-07-29 10:42:40:952 IECommandExecutor.cpp(133) Entering IECommandExecutor::OnExecCommand
T 2019-07-29 10:42:40:953 IECommandExecutor.cpp(454) Entering IECommandExecutor::DispatchCommand
T 2019-07-29 10:42:40:953 IESession.cpp(212) Beginning wait for response length to be not zero
T 2019-07-29 10:42:40:953 IECommandExecutor.cpp(577) Entering IECommandExecutor::GetCurrentBrowser
T 2019-07-29 10:42:40:953 IECommandExecutor.cpp(583) Entering IECommandExecutor::GetManagedBrowser
W 2019-07-29 10:42:40:953 IECommandExecutor.cpp(591) Browser ID requested was an empty string
W 2019-07-29 10:42:40:953 IECommandExecutor.cpp(503) Unable to find current browser
T 2019-07-29 10:42:40:953 CommandHandlers\ScreenshotCommandHandler.cpp(38) Entering ScreenshotCommandHandler::ExecuteInternal
T 2019-07-29 10:42:40:953 IECommandExecutor.cpp(577) Entering IECommandExecutor::GetCurrentBrowser
T 2019-07-29 10:42:40:953 IECommandExecutor.cpp(583) Entering IECommandExecutor::GetManagedBrowser
W 2019-07-29 10:42:40:953 IECommandExecutor.cpp(591) Browser ID requested was an empty string
T 2019-07-29 10:42:40:953 response.cc(91) Entering Response::SetErrorResponse
W 2019-07-29 10:42:40:953 response.cc(92) Error response has status code 23 and message 'Unable to get browser' message
T 2019-07-29 10:42:40:953 response.cc(85) Entering Response::SetErrorResponse
T 2019-07-29 10:42:40:953 response.cc(78) Entering Response::SetResponse
T 2019-07-29 10:42:40:953 IECommandExecutor.cpp(577) Entering IECommandExecutor::GetCurrentBrowser
T 2019-07-29 10:42:40:953 IECommandExecutor.cpp(583) Entering IECommandExecutor::GetManagedBrowser
W 2019-07-29 10:42:40:953 IECommandExecutor.cpp(591) Browser ID requested was an empty string
W 2019-07-29 10:42:40:953 IECommandExecutor.cpp(520) Unable to get current browser
T 2019-07-29 10:42:40:953 response.cc(51) Entering Response::Serialize
T 2019-07-29 10:42:40:963 IESession.cpp(221) Found non-zero response length
T 2019-07-29 10:42:40:963 IECommandExecutor.cpp(156) Entering IECommandExecutor::OnGetResponse
T 2019-07-29 10:42:40:963 IECommandExecutor.cpp(285) Entering IECommandExecutor::OnIsSessionValid
D 2019-07-29 10:42:40:963 server.cc(338) Response: {"value":{"data":null,"error":"no such window","message":"Unable to get browser","stacktrace":""}}

T 2019-07-29 10:42:40:963 server.cc(391) Entering Server::SendResponseToClient
T 2019-07-29 10:42:40:963 response.cc(30) Entering Response::Deserialize
T 2019-07-29 10:42:40:963 server.cc(465) Entering Server::SendHttpBadRequest
T 2019-07-29 10:42:42:334 server.cc(174) Entering Server::ProcessRequest
T 2019-07-29 10:42:42:334 server.cc(183) Process request with: URI: /session/893105d6-21a4-44dc-b590-ced55b398f1e HTTP verb: DELETE
body: {}
T 2019-07-29 10:42:42:334 server.cc(272) Entering Server::DispatchCommand
T 2019-07-29 10:42:42:334 server.cc(583) Entering Server::LookupCommand
D 2019-07-29 10:42:42:334 server.cc(281) Command: DELETE /session/893105d6-21a4-44dc-b590-ced55b398f1e {}
T 2019-07-29 10:42:42:334 server.cc(378) Entering Server::LookupSession
T 2019-07-29 10:42:42:334 IESession.cpp(191) Entering IESession::ExecuteCommand
T 2019-07-29 10:42:42:334 IECommandExecutor.cpp(122) Entering IECommandExecutor::OnSetCommand
T 2019-07-29 10:42:42:334 command.cc(31) Entering Command::Deserialize
D 2019-07-29 10:42:42:334 command.cc(36) Raw JSON command: { "name" : "quit", "locator" : { "sessionid" : "893105d6-21a4-44dc-b590-ced55b398f1e" }, "parameters" : {} }
T 2019-07-29 10:42:42:334 IECommandExecutor.cpp(133) Entering IECommandExecutor::OnExecCommand
T 2019-07-29 10:42:42:334 IECommandExecutor.cpp(454) Entering IECommandExecutor::DispatchCommand
T 2019-07-29 10:42:42:334 IECommandExecutor.cpp(577) Entering IECommandExecutor::GetCurrentBrowser
T 2019-07-29 10:42:42:334 IECommandExecutor.cpp(583) Entering IECommandExecutor::GetManagedBrowser
W 2019-07-29 10:42:42:334 IECommandExecutor.cpp(591) Browser ID requested was an empty string
W 2019-07-29 10:42:42:334 IECommandExecutor.cpp(503) Unable to find current browser
T 2019-07-29 10:42:42:334 IECommandExecutor.cpp(607) Entering IECommandExecutor::GetManagedBrowserHandles
T 2019-07-29 10:42:42:334 response.cc(72) Entering Response::SetSuccessResponse
T 2019-07-29 10:42:42:334 response.cc(78) Entering Response::SetResponse
T 2019-07-29 10:42:42:334 IECommandExecutor.cpp(577) Entering IECommandExecutor::GetCurrentBrowser
T 2019-07-29 10:42:42:334 IECommandExecutor.cpp(583) Entering IECommandExecutor::GetManagedBrowser
T 2019-07-29 10:42:42:334 IECommandExecutor.cpp(586) Current command executor is not valid
T 2019-07-29 10:42:42:334 response.cc(51) Entering Response::Serialize
T 2019-07-29 10:42:42:334 IESession.cpp(212) Beginning wait for response length to be not zero
T 2019-07-29 10:42:42:345 IESession.cpp(221) Found non-zero response length
T 2019-07-29 10:42:42:345 IECommandExecutor.cpp(156) Entering IECommandExecutor::OnGetResponse
T 2019-07-29 10:42:42:345 IECommandExecutor.cpp(285) Entering IECommandExecutor::OnIsSessionValid
T 2019-07-29 10:42:42:345 server.cc(225) Entering Server::ShutDownSession
T 2019-07-29 10:42:42:345 IESession.cpp(119) Entering IESession::ShutDown
T 2019-07-29 10:42:42:345 IESession.cpp(173) Entering IESession::WaitForCommandExecutorExit
D 2019-07-29 10:42:42:345 IESession.cpp(150) Executor shutdown successful!
D 2019-07-29 10:42:42:345 IESession.cpp(158) Posting thread shutdown message
D 2019-07-29 10:42:42:345 IESession.cpp(161) Starting wait for thread completion
D 2019-07-29 10:42:42:345 IECommandExecutor.cpp(436) Shutdown message received
D 2019-07-29 10:42:42:345 IESession.cpp(164) Waiting for thread to end returned 4294967295
D 2019-07-29 10:42:42:346 server.cc(338) Response: {"value":null}

T 2019-07-29 10:42:42:346 server.cc(391) Entering Server::SendResponseToClient
T 2019-07-29 10:42:42:346 response.cc(30) Entering Response::Deserialize
T 2019-07-29 10:42:42:346 server.cc(445) Entering Server::SendHttpOk
D 2019-07-29 10:42:42:346 IECommandExecutor.cpp(97) Entering IECommandExecutor::OnDestroy
D 2019-07-29 10:42:42:346 IECommandExecutor.cpp(99) Clearing managed element cache
D 2019-07-29 10:42:42:346 IECommandExecutor.cpp(102) Closing command handler repository
D 2019-07-29 10:42:42:346 IECommandExecutor.cpp(104) Closing element finder
D 2019-07-29 10:42:42:346 IECommandExecutor.cpp(106) Closing input manager
D 2019-07-29 10:42:42:346 IECommandExecutor.cpp(108) Closing proxy manager
T 2019-07-29 10:42:42:346 ProxyManager.cpp(185) ProxyManager::RestoreProxySettings
D 2019-07-29 10:42:42:346 IECommandExecutor.cpp(110) Closing browser factory
D 2019-07-29 10:42:42:346 IECommandExecutor.cpp(112) Posting quit message
D 2019-07-29 10:42:42:346 IECommandExecutor.cpp(114) Leaving IECommandExecutor::OnDestroy
D 2019-07-29 10:42:42:346 IECommandExecutor.cpp(438) Returned from DestroyWindow()
D 2019-07-29 10:42:42:346 IECommandExecutor.cpp(447) Exited IECommandExecutor thread message loop
T 2019-07-29 10:42:42:347 server.cc(174) Entering Server::ProcessRequest
T 2019-07-29 10:42:42:347 server.cc(183) Process request with: URI: /shutdown HTTP verb: GET
body: {}
T 2019-07-29 10:42:42:347 server.cc(445) Entering Server::SendHttpOk
T 2019-07-29 10:42:42:347 IEServer.cpp(88) Entering IEServer::ShutDown
T 2019-07-29 10:42:42:347 WebDriver.cpp(54) Entering StopServer
T 2019-07-29 10:42:42:347 server.cc(165) Entering Server::Stop
