I 2019-07-29 10:39:55:508 server.cc(86) Starting WebDriver server on port: '11969' on host: ''
T 2019-07-29 10:39:55:508 server.cc(634) Entering Server::PopulateCommandRepository
T 2019-07-29 10:39:55:508 IEServer.cpp(32) Entering IEServer::IEServer
I 2019-07-29 10:39:55:508 IEServer.cpp(33) Driver version: 3.6.0.0 (32-bit)
T 2019-07-29 10:39:55:508 server.cc(121) Entering Server::Start
D 2019-07-29 10:39:55:508 server.cc(148) Civetweb ACL is -0.0.0.0/0,+127.0.0.1
T 2019-07-29 10:39:55:700 server.cc(174) Entering Server::ProcessRequest
T 2019-07-29 10:39:55:700 server.cc(183) Process request with: URI: /status HTTP verb: GET
body: {}
T 2019-07-29 10:39:55:700 server.cc(272) Entering Server::DispatchCommand
T 2019-07-29 10:39:55:700 server.cc(583) Entering Server::LookupCommand
D 2019-07-29 10:39:55:700 server.cc(281) Command: GET /status {}
T 2019-07-29 10:39:55:700 IEServer.cpp(51) Entering IEServer::GetStatus
T 2019-07-29 10:39:55:700 response.cc(72) Entering Response::SetSuccessResponse
T 2019-07-29 10:39:55:700 response.cc(78) Entering Response::SetResponse
T 2019-07-29 10:39:55:700 response.cc(51) Entering Response::Serialize
D 2019-07-29 10:39:55:700 server.cc(338) Response: {"value":{"build":{"version":"3.6.0.0 (32-bit)"},"message":"Ready to create session","os":{"arch":"x64","name":"windows","version":"10.0.18362.1 (WinBuild.160101.0800)"},"ready":true}}

T 2019-07-29 10:39:55:700 server.cc(391) Entering Server::SendResponseToClient
T 2019-07-29 10:39:55:700 response.cc(30) Entering Response::Deserialize
T 2019-07-29 10:39:55:700 server.cc(445) Entering Server::SendHttpOk
T 2019-07-29 10:39:55:707 server.cc(174) Entering Server::ProcessRequest
T 2019-07-29 10:39:55:707 server.cc(238) Entering Server::ReadRequestBody
T 2019-07-29 10:39:55:707 server.cc(183) Process request with: URI: /session HTTP verb: POST
body: {
  "desiredCapabilities": {
    "se:ieOptions": {
      "ie.usePerProcessProxy": "true"
    },
    "browserName": "internet explorer",
    "ie.usePerProcessProxy": "true"
  },
  "capabilities": {
    "firstMatch": [
      {
        "browserName": "internet explorer",
        "se:ieOptions": {
          "ie.usePerProcessProxy": "true"
        }
      }
    ]
  }
}
T 2019-07-29 10:39:55:707 server.cc(272) Entering Server::DispatchCommand
T 2019-07-29 10:39:55:707 server.cc(583) Entering Server::LookupCommand
D 2019-07-29 10:39:55:707 server.cc(281) Command: POST /session {
  "desiredCapabilities": {
    "se:ieOptions": {
      "ie.usePerProcessProxy": "true"
    },
    "browserName": "internet explorer",
    "ie.usePerProcessProxy": "true"
  },
  "capabilities": {
    "firstMatch": [
      {
        "browserName": "internet explorer",
        "se:ieOptions": {
          "ie.usePerProcessProxy": "true"
        }
      }
    ]
  }
}
T 2019-07-29 10:39:55:707 IEServer.cpp(42) Entering IEServer::InitializeSession
T 2019-07-29 10:39:55:707 IESession.cpp(38) Entering IESession::Initialize
D 2019-07-29 10:39:55:707 IESession.cpp(53) Mutex acquired for session initalization
T 2019-07-29 10:39:55:887 IECommandExecutor.cpp(386) Entering IECommandExecutor::ThreadProc
T 2019-07-29 10:39:55:931 IECommandExecutor.cpp(47) Entering IECommandExecutor::OnCreate
T 2019-07-29 10:39:55:931 IECommandExecutor.cpp(753) Entering IECommandExecutor::PopulateElementFinderMethods
T 2019-07-29 10:39:55:931 InputManager.cpp(40) Entering InputManager::InputManager
T 2019-07-29 10:39:55:931 InputManager.cpp(75) Entering InputManager::Initialize
T 2019-07-29 10:39:55:932 BrowserFactory.cpp(998) Entering BrowserFactory::GetExecutableLocation
T 2019-07-29 10:39:55:932 BrowserFactory.cpp(1039) Entering BrowserFactory::GetIEVersion
T 2019-07-29 10:39:55:932 CommandHandlerRepository.cpp(108) Entering CommandHandlerRepository::PopulateCommandHandlers
T 2019-07-29 10:39:55:932 IESession.cpp(99) Created thread for command executor returns HWND: '000815B0'
T 2019-07-29 10:39:55:933 IESession.cpp(103) Session id is retrived from command executor window: '8de8656b-f2a2-41e2-a77c-1bedcfc1ee8a'
D 2019-07-29 10:39:55:933 IESession.cpp(109) Releasing session initialization mutex
T 2019-07-29 10:39:55:933 IESession.cpp(191) Entering IESession::ExecuteCommand
T 2019-07-29 10:39:55:933 IECommandExecutor.cpp(122) Entering IECommandExecutor::OnSetCommand
T 2019-07-29 10:39:55:933 command.cc(31) Entering Command::Deserialize
D 2019-07-29 10:39:55:933 command.cc(36) Raw JSON command: { "name" : "newSession", "locator" : { }, "parameters" : {
  "desiredCapabilities": {
    "se:ieOptions": {
      "ie.usePerProcessProxy": "true"
    },
    "browserName": "internet explorer",
    "ie.usePerProcessProxy": "true"
  },
  "capabilities": {
    "firstMatch": [
      {
        "browserName": "internet explorer",
        "se:ieOptions": {
          "ie.usePerProcessProxy": "true"
        }
      }
    ]
  }
} }
T 2019-07-29 10:39:55:933 IECommandExecutor.cpp(133) Entering IECommandExecutor::OnExecCommand
T 2019-07-29 10:39:55:933 IESession.cpp(212) Beginning wait for response length to be not zero
T 2019-07-29 10:39:55:933 IECommandExecutor.cpp(454) Entering IECommandExecutor::DispatchCommand
D 2019-07-29 10:39:55:933 CommandHandlers\NewSessionCommandHandler.cpp(46) Found W3C capabilities structure
D 2019-07-29 10:39:55:933 CommandHandlers\NewSessionCommandHandler.cpp(505) Validating capabilities object
D 2019-07-29 10:39:55:933 CommandHandlers\NewSessionCommandHandler.cpp(505) Validating capabilities object
D 2019-07-29 10:39:55:933 CommandHandlers\NewSessionCommandHandler.cpp(535) Found browserNamecapability. Validating value type is string.
D 2019-07-29 10:39:55:933 CommandHandlers\NewSessionCommandHandler.cpp(794) Found proxycapability. Validating value type is object.
T 2019-07-29 10:39:55:933 BrowserFactory.cpp(113) Entering BrowserFactory::Initialize
T 2019-07-29 10:39:55:933 IECommandExecutor.cpp(631) Entering IECommandExecutor::CreateNewBrowser
T 2019-07-29 10:39:55:933 BrowserFactory.cpp(142) Entering BrowserFactory::LaunchBrowserProcess
D 2019-07-29 10:39:55:933 BrowserFactory.cpp(146) Ignoring Protected Mode Settings: 0
D 2019-07-29 10:39:55:933 BrowserFactory.cpp(149) Checking validity of Protected Mode settings.
T 2019-07-29 10:39:55:933 BrowserFactory.cpp(1058) Entering BrowserFactory::ProtectedModeSettingsAreValid
D 2019-07-29 10:39:55:933 BrowserFactory.cpp(1061) Detected IE version: 11, Windows version supports Protected Mode: 1
T 2019-07-29 10:39:55:933 BrowserFactory.cpp(1135) Entering BrowserFactory::GetZoneProtectedModeSetting
D 2019-07-29 10:39:55:933 BrowserFactory.cpp(1152) Found Protected Mode setting value of 3 for zone 1
T 2019-07-29 10:39:55:933 BrowserFactory.cpp(1135) Entering BrowserFactory::GetZoneProtectedModeSetting
D 2019-07-29 10:39:55:933 BrowserFactory.cpp(1156) RegQueryValueEx failed for getting Protected Mode setting for a zone: 2
T 2019-07-29 10:39:55:933 BrowserFactory.cpp(1135) Entering BrowserFactory::GetZoneProtectedModeSetting
D 2019-07-29 10:39:55:933 BrowserFactory.cpp(1156) RegQueryValueEx failed for getting Protected Mode setting for a zone: 3
T 2019-07-29 10:39:55:933 BrowserFactory.cpp(1135) Entering BrowserFactory::GetZoneProtectedModeSetting
D 2019-07-29 10:39:55:933 BrowserFactory.cpp(1156) RegQueryValueEx failed for getting Protected Mode setting for a zone: 4
D 2019-07-29 10:39:55:933 BrowserFactory.cpp(152) Has Valid Protected Mode Settings: 1
T 2019-07-29 10:39:55:933 BrowserFactory.cpp(226) Entering BrowserFactory::IsIELaunchURLAvailable
T 2019-07-29 10:39:55:939 BrowserFactory.cpp(130) Entering BrowserFactory::ClearCache
T 2019-07-29 10:39:55:939 BrowserFactory.cpp(247) Entering BrowserFactory::LaunchBrowserUsingIELaunchURL
D 2019-07-29 10:39:55:939 BrowserFactory.cpp(248) Starting IE using the IELaunchURL API
T 2019-07-29 10:39:57:098 server.cc(174) Entering Server::ProcessRequest
T 2019-07-29 10:39:57:098 server.cc(183) Process request with: URI: / HTTP verb: GET
body: {}
T 2019-07-29 10:39:57:098 server.cc(445) Entering Server::SendHttpOk
D 2019-07-29 10:39:57:127 BrowserFactory.cpp(202) IE launched successfully with process ID 9804
D 2019-07-29 10:39:57:127 BrowserFactory.cpp(208) Process with ID 9804 is executing iexplore.exe
T 2019-07-29 10:39:57:127 BrowserFactory.cpp(365) Entering BrowserFactory::AttachToBrowser
D 2019-07-29 10:39:57:127 BrowserFactory.cpp(375) Using Active Accessibility to find IWebBrowser2 interface
T 2019-07-29 10:39:57:127 BrowserFactory.cpp(414) Entering BrowserFactory::AttachToBrowserUsingActiveAccessibility
T 2019-07-29 10:39:57:623 server.cc(174) Entering Server::ProcessRequest
T 2019-07-29 10:39:57:623 server.cc(183) Process request with: URI: /favicon.ico HTTP verb: GET
body: {}
T 2019-07-29 10:39:57:623 server.cc(272) Entering Server::DispatchCommand
T 2019-07-29 10:39:57:623 server.cc(583) Entering Server::LookupCommand
D 2019-07-29 10:39:57:623 server.cc(281) Command: GET /favicon.ico {}
D 2019-07-29 10:39:57:623 server.cc(338) Response: { "error" : "unknown method", "message" : "Command not found: GET /favicon.ico" }
T 2019-07-29 10:39:57:623 server.cc(391) Entering Server::SendResponseToClient
T 2019-07-29 10:39:57:623 response.cc(30) Entering Response::Deserialize
T 2019-07-29 10:39:57:623 server.cc(445) Entering Server::SendHttpOk
D 2019-07-29 10:39:57:690 BrowserFactory.cpp(434) Found window handle 000506CC for window with class 'Internet Explorer_Server' belonging to process with id 9804
T 2019-07-29 10:39:57:690 BrowserFactory.cpp(329) Entering BrowserFactory::GetDocumentFromWindowHandle
D 2019-07-29 10:39:58:213 BrowserFactory.cpp(396) Ignoring zoom setting: 0
T 2019-07-29 10:39:58:213 BrowserFactory.cpp(574) Entering BrowserFactory::GetBrowserZoomLevel
T 2019-07-29 10:39:58:366 BrowserFactory.cpp(614) Entering BrowserFactory::GetZoomLevel
D 2019-07-29 10:39:58:488 BrowserFactory.cpp(694) Browser zoom level is 100%
I 2019-07-29 10:39:58:522 IECommandExecutor.cpp(654) Persistent hovering set to: 1
T 2019-07-29 10:39:58:522 ProxyManager.cpp(97) ProxyManager::SetProxySettings
D 2019-07-29 10:39:58:522 ProxyManager.cpp(113) Using existing system proxy settings.
T 2019-07-29 10:39:58:522 DocumentHost.cpp(33) Entering DocumentHost::DocumentHost
T 2019-07-29 10:39:58:522 CookieManager.cpp(49) Entering CookieManager::Initialize
T 2019-07-29 10:39:58:522 Browser.cpp(33) Entering Browser::Browser
T 2019-07-29 10:39:58:522 Browser.cpp(293) Entering Browser::AttachEvents
T 2019-07-29 10:39:58:608 IECommandExecutor.cpp(621) Entering IECommandExecutor::AddManagedBrowser
T 2019-07-29 10:39:58:608 IECommandExecutor.cpp(625) Setting current browser id to fbaa6057-4c35-462a-bbd7-0c804db6eaae
T 2019-07-29 10:39:58:609 response.cc(72) Entering Response::SetSuccessResponse
T 2019-07-29 10:39:58:609 response.cc(78) Entering Response::SetResponse
T 2019-07-29 10:39:58:609 IECommandExecutor.cpp(577) Entering IECommandExecutor::GetCurrentBrowser
T 2019-07-29 10:39:58:609 IECommandExecutor.cpp(583) Entering IECommandExecutor::GetManagedBrowser
T 2019-07-29 10:39:58:609 response.cc(51) Entering Response::Serialize
T 2019-07-29 10:39:58:609 IESession.cpp(221) Found non-zero response length
T 2019-07-29 10:39:58:609 IECommandExecutor.cpp(156) Entering IECommandExecutor::OnGetResponse
T 2019-07-29 10:39:58:609 IECommandExecutor.cpp(285) Entering IECommandExecutor::OnIsSessionValid
T 2019-07-29 10:39:58:609 response.cc(30) Entering Response::Deserialize
D 2019-07-29 10:39:58:609 server.cc(338) Response: {"value":{"capabilities":{"acceptInsecureCerts":false,"browserName":"internet explorer","browserVersion":"11","pageLoadStrategy":"normal","platformName":"windows","se:ieOptions":{"browserAttachTimeout":0,"elementScrollBehavior":0,"enablePersistentHover":true,"ie.browserCommandLineSwitches":"","ie.ensureCleanSession":false,"ie.fileUploadDialogTimeout":3000,"ie.forceCreateProcessApi":false,"ignoreProtectedModeSettings":false,"ignoreZoomSetting":false,"initialBrowserUrl":"http://localhost:11969/","nativeEvents":true,"requireWindowFocus":false},"setWindowRect":true},"sessionId":"8de8656b-f2a2-41e2-a77c-1bedcfc1ee8a"}}

T 2019-07-29 10:39:58:609 server.cc(391) Entering Server::SendResponseToClient
T 2019-07-29 10:39:58:609 response.cc(30) Entering Response::Deserialize
T 2019-07-29 10:39:58:609 server.cc(445) Entering Server::SendHttpOk
T 2019-07-29 10:39:58:615 server.cc(174) Entering Server::ProcessRequest
T 2019-07-29 10:39:58:615 server.cc(238) Entering Server::ReadRequestBody
T 2019-07-29 10:39:58:615 server.cc(183) Process request with: URI: /session/8de8656b-f2a2-41e2-a77c-1bedcfc1ee8a/timeouts HTTP verb: POST
body: {
  "implicit": 0
}
T 2019-07-29 10:39:58:615 server.cc(272) Entering Server::DispatchCommand
T 2019-07-29 10:39:58:615 server.cc(583) Entering Server::LookupCommand
D 2019-07-29 10:39:58:615 server.cc(281) Command: POST /session/8de8656b-f2a2-41e2-a77c-1bedcfc1ee8a/timeouts {
  "implicit": 0
}
T 2019-07-29 10:39:58:615 server.cc(378) Entering Server::LookupSession
T 2019-07-29 10:39:58:615 IESession.cpp(191) Entering IESession::ExecuteCommand
T 2019-07-29 10:39:58:615 IECommandExecutor.cpp(122) Entering IECommandExecutor::OnSetCommand
T 2019-07-29 10:39:58:615 command.cc(31) Entering Command::Deserialize
D 2019-07-29 10:39:58:615 command.cc(36) Raw JSON command: { "name" : "setTimeouts", "locator" : { "sessionid" : "8de8656b-f2a2-41e2-a77c-1bedcfc1ee8a" }, "parameters" : {
  "implicit": 0
} }
T 2019-07-29 10:39:58:615 IECommandExecutor.cpp(133) Entering IECommandExecutor::OnExecCommand
T 2019-07-29 10:39:58:615 IESession.cpp(212) Beginning wait for response length to be not zero
T 2019-07-29 10:39:58:615 IECommandExecutor.cpp(454) Entering IECommandExecutor::DispatchCommand
T 2019-07-29 10:39:58:615 IECommandExecutor.cpp(577) Entering IECommandExecutor::GetCurrentBrowser
T 2019-07-29 10:39:58:615 IECommandExecutor.cpp(583) Entering IECommandExecutor::GetManagedBrowser
T 2019-07-29 10:39:58:615 IECommandExecutor.cpp(529) Entering IECommandExecutor::IsAlertActive
T 2019-07-29 10:39:58:615 Browser.cpp(700) Entering Browser::GetActiveDialogWindowHandle
T 2019-07-29 10:39:58:615 Browser.cpp(206) Entering Browser::GetContentWindowHandle
D 2019-07-29 10:39:58:616 IECommandExecutor.cpp(543) No alert handle is found
T 2019-07-29 10:39:58:616 IECommandExecutor.cpp(577) Entering IECommandExecutor::GetCurrentBrowser
T 2019-07-29 10:39:58:616 IECommandExecutor.cpp(583) Entering IECommandExecutor::GetManagedBrowser
T 2019-07-29 10:39:58:616 response.cc(51) Entering Response::Serialize
T 2019-07-29 10:39:58:626 IESession.cpp(221) Found non-zero response length
T 2019-07-29 10:39:58:626 IECommandExecutor.cpp(156) Entering IECommandExecutor::OnGetResponse
T 2019-07-29 10:39:58:626 IECommandExecutor.cpp(285) Entering IECommandExecutor::OnIsSessionValid
D 2019-07-29 10:39:58:626 server.cc(338) Response: {"value":null}

T 2019-07-29 10:39:58:626 server.cc(391) Entering Server::SendResponseToClient
T 2019-07-29 10:39:58:626 response.cc(30) Entering Response::Deserialize
T 2019-07-29 10:39:58:626 server.cc(445) Entering Server::SendHttpOk
T 2019-07-29 10:39:58:629 server.cc(174) Entering Server::ProcessRequest
T 2019-07-29 10:39:58:629 server.cc(238) Entering Server::ReadRequestBody
T 2019-07-29 10:39:58:629 server.cc(183) Process request with: URI: /session/8de8656b-f2a2-41e2-a77c-1bedcfc1ee8a/execute/sync HTTP verb: POST
body: {
  "script": "return navigator.sayswho= (function() { var ua= navigator.userAgent, tem, M= ua.match(\u002f(opera|chrome|safari|firefox|msie|trident)\\\u002f?\\s*(\\.?\\d+(\\.\\d+)*)\u002fi) || []; if (\u002ftrident\u002fi.test(M[1])) {     tem=  \u002f\\brv[ :]+(\\d+)\u002fg.exec(ua) || [];     return 'IE '+(tem[1] || ''); } if(M[1]=== 'Chrome') {     tem= ua.match(\u002f\\b(OPR|Edge)\\\u002f(\\d+)\u002f);     if(tem!= null) return tem.slice(1).join(' ').replace('OPR', 'Opera'); } M= M[2]? [M[1], M[2]]: [navigator.appName, navigator.appVersion, '-?']; if((tem= ua.match(\u002fversion\\\u002f(\\d+)\u002fi))!= null) M.splice(1, 1, tem[1]); return M.join(' ').replace('MSIE', 'IE');})();",
  "args": [
  ]
}
T 2019-07-29 10:39:58:629 server.cc(272) Entering Server::DispatchCommand
T 2019-07-29 10:39:58:629 server.cc(583) Entering Server::LookupCommand
D 2019-07-29 10:39:58:629 server.cc(281) Command: POST /session/8de8656b-f2a2-41e2-a77c-1bedcfc1ee8a/execute/sync {
  "script": "return navigator.sayswho= (function() { var ua= navigator.userAgent, tem, M= ua.match(\u002f(opera|chrome|safari|firefox|msie|trident)\\\u002f?\\s*(\\.?\\d+(\\.\\d+)*)\u002fi) || []; if (\u002ftrident\u002fi.test(M[1])) {     tem=  \u002f\\brv[ :]+(\\d+)\u002fg.exec(ua) || [];     return 'IE '+(tem[1] || ''); } if(M[1]=== 'Chrome') {     tem= ua.match(\u002f\\b(OPR|Edge)\\\u002f(\\d+)\u002f);     if(tem!= null) return tem.slice(1).join(' ').replace('OPR', 'Opera'); } M= M[2]? [M[1], M[2]]: [navigator.appName, navigator.appVersion, '-?']; if((tem= ua.match(\u002fversion\\\u002f(\\d+)\u002fi))!= null) M.splice(1, 1, tem[1]); return M.join(' ').replace('MSIE', 'IE');})();",
  "args": [
  ]
}
T 2019-07-29 10:39:58:629 server.cc(378) Entering Server::LookupSession
T 2019-07-29 10:39:58:629 IESession.cpp(191) Entering IESession::ExecuteCommand
T 2019-07-29 10:39:58:629 IECommandExecutor.cpp(122) Entering IECommandExecutor::OnSetCommand
T 2019-07-29 10:39:58:629 command.cc(31) Entering Command::Deserialize
D 2019-07-29 10:39:58:629 command.cc(36) Raw JSON command: { "name" : "executeScript", "locator" : { "sessionid" : "8de8656b-f2a2-41e2-a77c-1bedcfc1ee8a" }, "parameters" : {
  "script": "return navigator.sayswho= (function() { var ua= navigator.userAgent, tem, M= ua.match(\u002f(opera|chrome|safari|firefox|msie|trident)\\\u002f?\\s*(\\.?\\d+(\\.\\d+)*)\u002fi) || []; if (\u002ftrident\u002fi.test(M[1])) {     tem=  \u002f\\brv[ :]+(\\d+)\u002fg.exec(ua) || [];     return 'IE '+(tem[1] || ''); } if(M[1]=== 'Chrome') {     tem= ua.match(\u002f\\b(OPR|Edge)\\\u002f(\\d+)\u002f);     if(tem!= null) return tem.slice(1).join(' ').replace('OPR', 'Opera'); } M= M[2]? [M[1], M[2]]: [navigator.appName, navigator.appVersion, '-?']; if((tem= ua.match(\u002fversion\\\u002f(\\d+)\u002fi))!= null) M.splice(1, 1, tem[1]); return M.join(' ').replace('MSIE', 'IE');})();",
  "args": [
  ]
} }
T 2019-07-29 10:39:58:629 IECommandExecutor.cpp(133) Entering IECommandExecutor::OnExecCommand
T 2019-07-29 10:39:58:629 IECommandExecutor.cpp(454) Entering IECommandExecutor::DispatchCommand
T 2019-07-29 10:39:58:629 IECommandExecutor.cpp(577) Entering IECommandExecutor::GetCurrentBrowser
T 2019-07-29 10:39:58:629 IECommandExecutor.cpp(583) Entering IECommandExecutor::GetManagedBrowser
T 2019-07-29 10:39:58:629 IECommandExecutor.cpp(529) Entering IECommandExecutor::IsAlertActive
T 2019-07-29 10:39:58:630 Browser.cpp(700) Entering Browser::GetActiveDialogWindowHandle
T 2019-07-29 10:39:58:630 Browser.cpp(206) Entering Browser::GetContentWindowHandle
D 2019-07-29 10:39:58:630 IECommandExecutor.cpp(543) No alert handle is found
T 2019-07-29 10:39:58:630 IECommandExecutor.cpp(577) Entering IECommandExecutor::GetCurrentBrowser
T 2019-07-29 10:39:58:630 IECommandExecutor.cpp(583) Entering IECommandExecutor::GetManagedBrowser
T 2019-07-29 10:39:58:630 Browser.cpp(126) Entering Browser::GetDocument
I 2019-07-29 10:39:58:630 Browser.cpp(130) No child frame focus. Focus is on top-level frame
T 2019-07-29 10:39:58:630 IESession.cpp(212) Beginning wait for response length to be not zero
T 2019-07-29 10:39:58:792 Browser.cpp(613) Entering Browser::GetDocumentFromWindow
T 2019-07-29 10:39:58:894 Script.cpp(49) Entering Script::Initialize
T 2019-07-29 10:39:58:894 CommandHandlers\ExecuteScriptCommandHandler.cpp(85) Entering ExecuteScriptCommandHandler::PopulateArgumentArray
T 2019-07-29 10:39:58:894 Script.cpp(169) Entering Script::Execute
T 2019-07-29 10:39:58:894 Script.cpp(438) Entering Script::CreateAnonymousFunction
T 2019-07-29 10:39:59:331 Script.cpp(426) Entering Script::ConvertResultToJsonValue
T 2019-07-29 10:39:59:331 response.cc(72) Entering Response::SetSuccessResponse
T 2019-07-29 10:39:59:331 response.cc(78) Entering Response::SetResponse
T 2019-07-29 10:39:59:331 IECommandExecutor.cpp(577) Entering IECommandExecutor::GetCurrentBrowser
T 2019-07-29 10:39:59:331 IECommandExecutor.cpp(583) Entering IECommandExecutor::GetManagedBrowser
T 2019-07-29 10:39:59:331 response.cc(51) Entering Response::Serialize
T 2019-07-29 10:39:59:341 IESession.cpp(221) Found non-zero response length
T 2019-07-29 10:39:59:341 IECommandExecutor.cpp(156) Entering IECommandExecutor::OnGetResponse
T 2019-07-29 10:39:59:341 IECommandExecutor.cpp(285) Entering IECommandExecutor::OnIsSessionValid
D 2019-07-29 10:39:59:341 server.cc(338) Response: {"value":"IE 11"}

T 2019-07-29 10:39:59:341 server.cc(391) Entering Server::SendResponseToClient
T 2019-07-29 10:39:59:341 response.cc(30) Entering Response::Deserialize
T 2019-07-29 10:39:59:341 server.cc(445) Entering Server::SendHttpOk
T 2019-07-29 10:39:59:349 server.cc(174) Entering Server::ProcessRequest
T 2019-07-29 10:39:59:349 server.cc(238) Entering Server::ReadRequestBody
T 2019-07-29 10:39:59:349 server.cc(183) Process request with: URI: /session/8de8656b-f2a2-41e2-a77c-1bedcfc1ee8a/url HTTP verb: POST
body: {
  "url": "http:\u002f\u002f10.50.120.22\u002fnvkids\u002f#\u002flogin"
}
T 2019-07-29 10:39:59:349 server.cc(272) Entering Server::DispatchCommand
T 2019-07-29 10:39:59:349 server.cc(583) Entering Server::LookupCommand
D 2019-07-29 10:39:59:349 server.cc(281) Command: POST /session/8de8656b-f2a2-41e2-a77c-1bedcfc1ee8a/url {
  "url": "http:\u002f\u002f10.50.120.22\u002fnvkids\u002f#\u002flogin"
}
T 2019-07-29 10:39:59:349 server.cc(378) Entering Server::LookupSession
T 2019-07-29 10:39:59:349 IESession.cpp(191) Entering IESession::ExecuteCommand
T 2019-07-29 10:39:59:349 IECommandExecutor.cpp(122) Entering IECommandExecutor::OnSetCommand
T 2019-07-29 10:39:59:349 command.cc(31) Entering Command::Deserialize
D 2019-07-29 10:39:59:349 command.cc(36) Raw JSON command: { "name" : "get", "locator" : { "sessionid" : "8de8656b-f2a2-41e2-a77c-1bedcfc1ee8a" }, "parameters" : {
  "url": "http:\u002f\u002f10.50.120.22\u002fnvkids\u002f#\u002flogin"
} }
T 2019-07-29 10:39:59:349 IECommandExecutor.cpp(133) Entering IECommandExecutor::OnExecCommand
T 2019-07-29 10:39:59:349 IESession.cpp(212) Beginning wait for response length to be not zero
T 2019-07-29 10:39:59:349 IECommandExecutor.cpp(454) Entering IECommandExecutor::DispatchCommand
T 2019-07-29 10:39:59:349 IECommandExecutor.cpp(577) Entering IECommandExecutor::GetCurrentBrowser
T 2019-07-29 10:39:59:349 IECommandExecutor.cpp(583) Entering IECommandExecutor::GetManagedBrowser
T 2019-07-29 10:39:59:349 IECommandExecutor.cpp(529) Entering IECommandExecutor::IsAlertActive
T 2019-07-29 10:39:59:349 Browser.cpp(700) Entering Browser::GetActiveDialogWindowHandle
T 2019-07-29 10:39:59:349 Browser.cpp(206) Entering Browser::GetContentWindowHandle
D 2019-07-29 10:39:59:350 IECommandExecutor.cpp(543) No alert handle is found
T 2019-07-29 10:39:59:350 IECommandExecutor.cpp(577) Entering IECommandExecutor::GetCurrentBrowser
T 2019-07-29 10:39:59:350 IECommandExecutor.cpp(583) Entering IECommandExecutor::GetManagedBrowser
T 2019-07-29 10:39:59:350 Browser.cpp(318) Entring Browser::NavigateToUrl
T 2019-07-29 10:39:59:637 DocumentHost.cpp(142) Entering DocumentHost::SetFocusedFrameByElement
T 2019-07-29 10:39:59:637 response.cc(72) Entering Response::SetSuccessResponse
T 2019-07-29 10:39:59:637 response.cc(78) Entering Response::SetResponse
T 2019-07-29 10:39:59:637 IECommandExecutor.cpp(577) Entering IECommandExecutor::GetCurrentBrowser
T 2019-07-29 10:39:59:637 IECommandExecutor.cpp(583) Entering IECommandExecutor::GetManagedBrowser
T 2019-07-29 10:39:59:637 response.cc(51) Entering Response::Serialize
T 2019-07-29 10:39:59:637 IECommandExecutor.cpp(172) Entering IECommandExecutor::OnWait
T 2019-07-29 10:39:59:637 IECommandExecutor.cpp(577) Entering IECommandExecutor::GetCurrentBrowser
T 2019-07-29 10:39:59:637 IECommandExecutor.cpp(583) Entering IECommandExecutor::GetManagedBrowser
T 2019-07-29 10:39:59:637 Browser.cpp(438) Entering Browser::Wait
D 2019-07-29 10:39:59:637 Browser.cpp(448) Navigate Events Completed.
T 2019-07-29 10:39:59:637 Browser.cpp(700) Entering Browser::GetActiveDialogWindowHandle
T 2019-07-29 10:39:59:637 Browser.cpp(206) Entering Browser::GetContentWindowHandle
D 2019-07-29 10:39:59:639 Browser.cpp(508) Waiting for document to complete...
T 2019-07-29 10:39:59:639 Browser.cpp(522) Entering Browser::IsDocumentNavigating
D 2019-07-29 10:39:59:804 Browser.cpp(513) Not in navigating state
T 2019-07-29 10:39:59:815 IESession.cpp(221) Found non-zero response length
T 2019-07-29 10:39:59:815 IECommandExecutor.cpp(156) Entering IECommandExecutor::OnGetResponse
T 2019-07-29 10:39:59:815 IECommandExecutor.cpp(285) Entering IECommandExecutor::OnIsSessionValid
D 2019-07-29 10:39:59:815 server.cc(338) Response: {"value":null}

T 2019-07-29 10:39:59:815 server.cc(391) Entering Server::SendResponseToClient
T 2019-07-29 10:39:59:815 response.cc(30) Entering Response::Deserialize
T 2019-07-29 10:39:59:815 server.cc(445) Entering Server::SendHttpOk
T 2019-07-29 10:39:59:821 server.cc(174) Entering Server::ProcessRequest
T 2019-07-29 10:39:59:822 server.cc(238) Entering Server::ReadRequestBody
T 2019-07-29 10:39:59:822 server.cc(183) Process request with: URI: /session/8de8656b-f2a2-41e2-a77c-1bedcfc1ee8a/window/maximize HTTP verb: POST
body: {
}
T 2019-07-29 10:39:59:822 server.cc(272) Entering Server::DispatchCommand
T 2019-07-29 10:39:59:822 server.cc(583) Entering Server::LookupCommand
D 2019-07-29 10:39:59:822 server.cc(281) Command: POST /session/8de8656b-f2a2-41e2-a77c-1bedcfc1ee8a/window/maximize {
}
T 2019-07-29 10:39:59:822 server.cc(378) Entering Server::LookupSession
T 2019-07-29 10:39:59:822 IESession.cpp(191) Entering IESession::ExecuteCommand
T 2019-07-29 10:39:59:822 IECommandExecutor.cpp(122) Entering IECommandExecutor::OnSetCommand
T 2019-07-29 10:39:59:822 command.cc(31) Entering Command::Deserialize
D 2019-07-29 10:39:59:822 command.cc(36) Raw JSON command: { "name" : "maximizeWindow", "locator" : { "sessionid" : "8de8656b-f2a2-41e2-a77c-1bedcfc1ee8a" }, "parameters" : {
} }
T 2019-07-29 10:39:59:822 IECommandExecutor.cpp(133) Entering IECommandExecutor::OnExecCommand
T 2019-07-29 10:39:59:822 IESession.cpp(212) Beginning wait for response length to be not zero
T 2019-07-29 10:39:59:822 IECommandExecutor.cpp(454) Entering IECommandExecutor::DispatchCommand
T 2019-07-29 10:39:59:822 IECommandExecutor.cpp(577) Entering IECommandExecutor::GetCurrentBrowser
T 2019-07-29 10:39:59:822 IECommandExecutor.cpp(583) Entering IECommandExecutor::GetManagedBrowser
T 2019-07-29 10:39:59:822 IECommandExecutor.cpp(529) Entering IECommandExecutor::IsAlertActive
T 2019-07-29 10:39:59:822 Browser.cpp(700) Entering Browser::GetActiveDialogWindowHandle
T 2019-07-29 10:39:59:822 Browser.cpp(206) Entering Browser::GetContentWindowHandle
D 2019-07-29 10:39:59:822 IECommandExecutor.cpp(543) No alert handle is found
T 2019-07-29 10:39:59:822 IECommandExecutor.cpp(577) Entering IECommandExecutor::GetCurrentBrowser
T 2019-07-29 10:39:59:822 IECommandExecutor.cpp(583) Entering IECommandExecutor::GetManagedBrowser
T 2019-07-29 10:39:59:822 Browser.cpp(416) Entering Browser::GetTopLevelWindowHandle
T 2019-07-29 10:39:59:822 response.cc(72) Entering Response::SetSuccessResponse
T 2019-07-29 10:39:59:822 response.cc(78) Entering Response::SetResponse
T 2019-07-29 10:39:59:822 IECommandExecutor.cpp(577) Entering IECommandExecutor::GetCurrentBrowser
T 2019-07-29 10:39:59:822 IECommandExecutor.cpp(583) Entering IECommandExecutor::GetManagedBrowser
T 2019-07-29 10:39:59:822 response.cc(51) Entering Response::Serialize
T 2019-07-29 10:39:59:832 IESession.cpp(221) Found non-zero response length
T 2019-07-29 10:39:59:832 IECommandExecutor.cpp(156) Entering IECommandExecutor::OnGetResponse
T 2019-07-29 10:39:59:833 IECommandExecutor.cpp(285) Entering IECommandExecutor::OnIsSessionValid
D 2019-07-29 10:39:59:833 server.cc(338) Response: {"value":{"height":1056,"width":1936,"x":-8,"y":-8}}

T 2019-07-29 10:39:59:833 server.cc(391) Entering Server::SendResponseToClient
T 2019-07-29 10:39:59:833 response.cc(30) Entering Response::Deserialize
T 2019-07-29 10:39:59:833 server.cc(445) Entering Server::SendHttpOk
T 2019-07-29 10:39:59:838 server.cc(174) Entering Server::ProcessRequest
T 2019-07-29 10:39:59:838 server.cc(238) Entering Server::ReadRequestBody
T 2019-07-29 10:39:59:838 server.cc(183) Process request with: URI: /session/8de8656b-f2a2-41e2-a77c-1bedcfc1ee8a/execute/sync HTTP verb: POST
body: {
  "script": "return (window.angular === undefined) || (angular.element(document.body).injector() === undefined)",
  "args": [
  ]
}
T 2019-07-29 10:39:59:838 server.cc(272) Entering Server::DispatchCommand
T 2019-07-29 10:39:59:838 server.cc(583) Entering Server::LookupCommand
D 2019-07-29 10:39:59:838 server.cc(281) Command: POST /session/8de8656b-f2a2-41e2-a77c-1bedcfc1ee8a/execute/sync {
  "script": "return (window.angular === undefined) || (angular.element(document.body).injector() === undefined)",
  "args": [
  ]
}
T 2019-07-29 10:39:59:838 server.cc(378) Entering Server::LookupSession
T 2019-07-29 10:39:59:838 IESession.cpp(191) Entering IESession::ExecuteCommand
T 2019-07-29 10:39:59:838 IECommandExecutor.cpp(122) Entering IECommandExecutor::OnSetCommand
T 2019-07-29 10:39:59:838 command.cc(31) Entering Command::Deserialize
D 2019-07-29 10:39:59:838 command.cc(36) Raw JSON command: { "name" : "executeScript", "locator" : { "sessionid" : "8de8656b-f2a2-41e2-a77c-1bedcfc1ee8a" }, "parameters" : {
  "script": "return (window.angular === undefined) || (angular.element(document.body).injector() === undefined)",
  "args": [
  ]
} }
T 2019-07-29 10:39:59:838 IECommandExecutor.cpp(133) Entering IECommandExecutor::OnExecCommand
T 2019-07-29 10:39:59:838 IESession.cpp(212) Beginning wait for response length to be not zero
T 2019-07-29 10:39:59:838 IECommandExecutor.cpp(454) Entering IECommandExecutor::DispatchCommand
T 2019-07-29 10:39:59:838 IECommandExecutor.cpp(577) Entering IECommandExecutor::GetCurrentBrowser
T 2019-07-29 10:39:59:838 IECommandExecutor.cpp(583) Entering IECommandExecutor::GetManagedBrowser
T 2019-07-29 10:39:59:839 IECommandExecutor.cpp(529) Entering IECommandExecutor::IsAlertActive
T 2019-07-29 10:39:59:839 Browser.cpp(700) Entering Browser::GetActiveDialogWindowHandle
T 2019-07-29 10:39:59:839 Browser.cpp(206) Entering Browser::GetContentWindowHandle
D 2019-07-29 10:39:59:839 IECommandExecutor.cpp(543) No alert handle is found
T 2019-07-29 10:39:59:839 IECommandExecutor.cpp(577) Entering IECommandExecutor::GetCurrentBrowser
T 2019-07-29 10:39:59:839 IECommandExecutor.cpp(583) Entering IECommandExecutor::GetManagedBrowser
T 2019-07-29 10:39:59:839 Browser.cpp(126) Entering Browser::GetDocument
I 2019-07-29 10:39:59:839 Browser.cpp(130) No child frame focus. Focus is on top-level frame
T 2019-07-29 10:40:00:013 Browser.cpp(613) Entering Browser::GetDocumentFromWindow
T 2019-07-29 10:40:00:092 Script.cpp(49) Entering Script::Initialize
T 2019-07-29 10:40:00:092 CommandHandlers\ExecuteScriptCommandHandler.cpp(85) Entering ExecuteScriptCommandHandler::PopulateArgumentArray
T 2019-07-29 10:40:00:092 Script.cpp(169) Entering Script::Execute
T 2019-07-29 10:40:00:092 Script.cpp(438) Entering Script::CreateAnonymousFunction
T 2019-07-29 10:40:00:523 Browser.cpp(54) Entering Browser::OnQuit
T 2019-07-29 10:40:00:523 DocumentHost.cpp(252) Entering DocumentHost::PostQuitMessage
T 2019-07-29 10:40:00:602 Script.cpp(426) Entering Script::ConvertResultToJsonValue
T 2019-07-29 10:40:00:602 response.cc(72) Entering Response::SetSuccessResponse
T 2019-07-29 10:40:00:602 response.cc(78) Entering Response::SetResponse
T 2019-07-29 10:40:00:603 IECommandExecutor.cpp(577) Entering IECommandExecutor::GetCurrentBrowser
T 2019-07-29 10:40:00:603 IECommandExecutor.cpp(583) Entering IECommandExecutor::GetManagedBrowser
T 2019-07-29 10:40:00:603 response.cc(51) Entering Response::Serialize
T 2019-07-29 10:40:00:603 IECommandExecutor.cpp(250) Entering IECommandExecutor::OnBrowserQuit
T 2019-07-29 10:40:00:603 IECommandExecutor.cpp(529) Entering IECommandExecutor::IsAlertActive
T 2019-07-29 10:40:00:603 Browser.cpp(700) Entering Browser::GetActiveDialogWindowHandle
T 2019-07-29 10:40:00:603 Browser.cpp(206) Entering Browser::GetContentWindowHandle
D 2019-07-29 10:40:00:603 IECommandExecutor.cpp(543) No alert handle is found
T 2019-07-29 10:40:00:603 Browser.cpp(300) Entering Browser::DetachEvents
T 2019-07-29 10:40:00:613 IESession.cpp(221) Found non-zero response length
T 2019-07-29 10:40:00:613 IECommandExecutor.cpp(156) Entering IECommandExecutor::OnGetResponse
T 2019-07-29 10:40:00:613 IECommandExecutor.cpp(285) Entering IECommandExecutor::OnIsSessionValid
D 2019-07-29 10:40:00:613 server.cc(338) Response: {"value":true}

T 2019-07-29 10:40:00:613 server.cc(391) Entering Server::SendResponseToClient
T 2019-07-29 10:40:00:613 response.cc(30) Entering Response::Deserialize
T 2019-07-29 10:40:00:613 server.cc(445) Entering Server::SendHttpOk
T 2019-07-29 10:40:00:625 server.cc(174) Entering Server::ProcessRequest
T 2019-07-29 10:40:00:625 server.cc(238) Entering Server::ReadRequestBody
T 2019-07-29 10:40:00:625 server.cc(183) Process request with: URI: /session/8de8656b-f2a2-41e2-a77c-1bedcfc1ee8a/elements HTTP verb: POST
body: {
  "value": "\u002f\u002finput[@type='text']",
  "using": "xpath"
}
T 2019-07-29 10:40:00:625 server.cc(272) Entering Server::DispatchCommand
T 2019-07-29 10:40:00:625 server.cc(583) Entering Server::LookupCommand
D 2019-07-29 10:40:00:625 server.cc(281) Command: POST /session/8de8656b-f2a2-41e2-a77c-1bedcfc1ee8a/elements {
  "value": "\u002f\u002finput[@type='text']",
  "using": "xpath"
}
T 2019-07-29 10:40:00:625 server.cc(378) Entering Server::LookupSession
T 2019-07-29 10:40:00:625 IESession.cpp(191) Entering IESession::ExecuteCommand
T 2019-07-29 10:40:00:626 IECommandExecutor.cpp(122) Entering IECommandExecutor::OnSetCommand
T 2019-07-29 10:40:00:626 command.cc(31) Entering Command::Deserialize
D 2019-07-29 10:40:00:626 command.cc(36) Raw JSON command: { "name" : "findElements", "locator" : { "sessionid" : "8de8656b-f2a2-41e2-a77c-1bedcfc1ee8a" }, "parameters" : {
  "value": "\u002f\u002finput[@type='text']",
  "using": "xpath"
} }
T 2019-07-29 10:40:00:626 IESession.cpp(212) Beginning wait for response length to be not zero
T 2019-07-29 10:40:00:662 IECommandExecutor.cpp(133) Entering IECommandExecutor::OnExecCommand
T 2019-07-29 10:40:00:662 IECommandExecutor.cpp(454) Entering IECommandExecutor::DispatchCommand
T 2019-07-29 10:40:00:662 IECommandExecutor.cpp(577) Entering IECommandExecutor::GetCurrentBrowser
T 2019-07-29 10:40:00:662 IECommandExecutor.cpp(583) Entering IECommandExecutor::GetManagedBrowser
W 2019-07-29 10:40:00:662 IECommandExecutor.cpp(591) Browser ID requested was an empty string
W 2019-07-29 10:40:00:662 IECommandExecutor.cpp(503) Unable to find current browser
T 2019-07-29 10:40:00:662 IECommandExecutor.cpp(734) Entering IECommandExecutor::LocateElements
T 2019-07-29 10:40:00:662 IECommandExecutor.cpp(695) Entering IECommandExecutor::GetElementFindMethod
T 2019-07-29 10:40:00:662 ElementFinder.cpp(111) Entering ElementFinder::FindElements
T 2019-07-29 10:40:00:662 IECommandExecutor.cpp(577) Entering IECommandExecutor::GetCurrentBrowser
T 2019-07-29 10:40:00:662 IECommandExecutor.cpp(583) Entering IECommandExecutor::GetManagedBrowser
W 2019-07-29 10:40:00:662 IECommandExecutor.cpp(591) Browser ID requested was an empty string
W 2019-07-29 10:40:00:662 ElementFinder.cpp(167) Unable to get browser
T 2019-07-29 10:40:00:662 response.cc(85) Entering Response::SetErrorResponse
T 2019-07-29 10:40:00:662 response.cc(78) Entering Response::SetResponse
T 2019-07-29 10:40:00:662 IECommandExecutor.cpp(577) Entering IECommandExecutor::GetCurrentBrowser
T 2019-07-29 10:40:00:662 IECommandExecutor.cpp(583) Entering IECommandExecutor::GetManagedBrowser
W 2019-07-29 10:40:00:662 IECommandExecutor.cpp(591) Browser ID requested was an empty string
W 2019-07-29 10:40:00:662 IECommandExecutor.cpp(520) Unable to get current browser
T 2019-07-29 10:40:00:662 response.cc(51) Entering Response::Serialize
T 2019-07-29 10:40:00:669 IESession.cpp(221) Found non-zero response length
T 2019-07-29 10:40:00:669 IECommandExecutor.cpp(156) Entering IECommandExecutor::OnGetResponse
T 2019-07-29 10:40:00:669 IECommandExecutor.cpp(285) Entering IECommandExecutor::OnIsSessionValid
D 2019-07-29 10:40:00:669 server.cc(338) Response: {"value":{"data":null,"error":"no such window","message":"Unable to find elements on closed window","stacktrace":""}}

T 2019-07-29 10:40:00:669 server.cc(391) Entering Server::SendResponseToClient
T 2019-07-29 10:40:00:669 response.cc(30) Entering Response::Deserialize
T 2019-07-29 10:40:00:669 server.cc(465) Entering Server::SendHttpBadRequest
T 2019-07-29 10:40:00:672 server.cc(174) Entering Server::ProcessRequest
T 2019-07-29 10:40:00:672 server.cc(183) Process request with: URI: /session/8de8656b-f2a2-41e2-a77c-1bedcfc1ee8a/screenshot HTTP verb: GET
body: {}
T 2019-07-29 10:40:00:672 server.cc(272) Entering Server::DispatchCommand
T 2019-07-29 10:40:00:672 server.cc(583) Entering Server::LookupCommand
D 2019-07-29 10:40:00:672 server.cc(281) Command: GET /session/8de8656b-f2a2-41e2-a77c-1bedcfc1ee8a/screenshot {}
T 2019-07-29 10:40:00:672 server.cc(378) Entering Server::LookupSession
T 2019-07-29 10:40:00:672 IESession.cpp(191) Entering IESession::ExecuteCommand
T 2019-07-29 10:40:00:672 IECommandExecutor.cpp(122) Entering IECommandExecutor::OnSetCommand
T 2019-07-29 10:40:00:672 command.cc(31) Entering Command::Deserialize
D 2019-07-29 10:40:00:672 command.cc(36) Raw JSON command: { "name" : "takeScreenshot", "locator" : { "sessionid" : "8de8656b-f2a2-41e2-a77c-1bedcfc1ee8a" }, "parameters" : {} }
T 2019-07-29 10:40:00:672 IECommandExecutor.cpp(133) Entering IECommandExecutor::OnExecCommand
T 2019-07-29 10:40:00:672 IESession.cpp(212) Beginning wait for response length to be not zero
T 2019-07-29 10:40:00:672 IECommandExecutor.cpp(454) Entering IECommandExecutor::DispatchCommand
T 2019-07-29 10:40:00:672 IECommandExecutor.cpp(577) Entering IECommandExecutor::GetCurrentBrowser
T 2019-07-29 10:40:00:672 IECommandExecutor.cpp(583) Entering IECommandExecutor::GetManagedBrowser
W 2019-07-29 10:40:00:672 IECommandExecutor.cpp(591) Browser ID requested was an empty string
W 2019-07-29 10:40:00:672 IECommandExecutor.cpp(503) Unable to find current browser
T 2019-07-29 10:40:00:672 CommandHandlers\ScreenshotCommandHandler.cpp(38) Entering ScreenshotCommandHandler::ExecuteInternal
T 2019-07-29 10:40:00:672 IECommandExecutor.cpp(577) Entering IECommandExecutor::GetCurrentBrowser
T 2019-07-29 10:40:00:672 IECommandExecutor.cpp(583) Entering IECommandExecutor::GetManagedBrowser
W 2019-07-29 10:40:00:672 IECommandExecutor.cpp(591) Browser ID requested was an empty string
T 2019-07-29 10:40:00:672 response.cc(91) Entering Response::SetErrorResponse
W 2019-07-29 10:40:00:672 response.cc(92) Error response has status code 23 and message 'Unable to get browser' message
T 2019-07-29 10:40:00:672 response.cc(85) Entering Response::SetErrorResponse
T 2019-07-29 10:40:00:672 response.cc(78) Entering Response::SetResponse
T 2019-07-29 10:40:00:672 IECommandExecutor.cpp(577) Entering IECommandExecutor::GetCurrentBrowser
T 2019-07-29 10:40:00:672 IECommandExecutor.cpp(583) Entering IECommandExecutor::GetManagedBrowser
W 2019-07-29 10:40:00:672 IECommandExecutor.cpp(591) Browser ID requested was an empty string
W 2019-07-29 10:40:00:672 IECommandExecutor.cpp(520) Unable to get current browser
T 2019-07-29 10:40:00:672 response.cc(51) Entering Response::Serialize
T 2019-07-29 10:40:00:683 IESession.cpp(221) Found non-zero response length
T 2019-07-29 10:40:00:683 IECommandExecutor.cpp(156) Entering IECommandExecutor::OnGetResponse
T 2019-07-29 10:40:00:683 IECommandExecutor.cpp(285) Entering IECommandExecutor::OnIsSessionValid
D 2019-07-29 10:40:00:683 server.cc(338) Response: {"value":{"data":null,"error":"no such window","message":"Unable to get browser","stacktrace":""}}

T 2019-07-29 10:40:00:683 server.cc(391) Entering Server::SendResponseToClient
T 2019-07-29 10:40:00:683 response.cc(30) Entering Response::Deserialize
T 2019-07-29 10:40:00:683 server.cc(465) Entering Server::SendHttpBadRequest
T 2019-07-29 10:40:02:070 server.cc(174) Entering Server::ProcessRequest
T 2019-07-29 10:40:02:070 server.cc(183) Process request with: URI: /session/8de8656b-f2a2-41e2-a77c-1bedcfc1ee8a HTTP verb: DELETE
body: {}
T 2019-07-29 10:40:02:070 server.cc(272) Entering Server::DispatchCommand
T 2019-07-29 10:40:02:070 server.cc(583) Entering Server::LookupCommand
D 2019-07-29 10:40:02:070 server.cc(281) Command: DELETE /session/8de8656b-f2a2-41e2-a77c-1bedcfc1ee8a {}
T 2019-07-29 10:40:02:070 server.cc(378) Entering Server::LookupSession
T 2019-07-29 10:40:02:070 IESession.cpp(191) Entering IESession::ExecuteCommand
T 2019-07-29 10:40:02:070 IECommandExecutor.cpp(122) Entering IECommandExecutor::OnSetCommand
T 2019-07-29 10:40:02:070 command.cc(31) Entering Command::Deserialize
D 2019-07-29 10:40:02:070 command.cc(36) Raw JSON command: { "name" : "quit", "locator" : { "sessionid" : "8de8656b-f2a2-41e2-a77c-1bedcfc1ee8a" }, "parameters" : {} }
T 2019-07-29 10:40:02:071 IECommandExecutor.cpp(133) Entering IECommandExecutor::OnExecCommand
T 2019-07-29 10:40:02:071 IESession.cpp(212) Beginning wait for response length to be not zero
T 2019-07-29 10:40:02:071 IECommandExecutor.cpp(454) Entering IECommandExecutor::DispatchCommand
T 2019-07-29 10:40:02:071 IECommandExecutor.cpp(577) Entering IECommandExecutor::GetCurrentBrowser
T 2019-07-29 10:40:02:071 IECommandExecutor.cpp(583) Entering IECommandExecutor::GetManagedBrowser
W 2019-07-29 10:40:02:071 IECommandExecutor.cpp(591) Browser ID requested was an empty string
W 2019-07-29 10:40:02:071 IECommandExecutor.cpp(503) Unable to find current browser
T 2019-07-29 10:40:02:071 IECommandExecutor.cpp(607) Entering IECommandExecutor::GetManagedBrowserHandles
T 2019-07-29 10:40:02:071 response.cc(72) Entering Response::SetSuccessResponse
T 2019-07-29 10:40:02:071 response.cc(78) Entering Response::SetResponse
T 2019-07-29 10:40:02:071 IECommandExecutor.cpp(577) Entering IECommandExecutor::GetCurrentBrowser
T 2019-07-29 10:40:02:071 IECommandExecutor.cpp(583) Entering IECommandExecutor::GetManagedBrowser
T 2019-07-29 10:40:02:071 IECommandExecutor.cpp(586) Current command executor is not valid
T 2019-07-29 10:40:02:071 response.cc(51) Entering Response::Serialize
T 2019-07-29 10:40:02:081 IESession.cpp(221) Found non-zero response length
T 2019-07-29 10:40:02:081 IECommandExecutor.cpp(156) Entering IECommandExecutor::OnGetResponse
T 2019-07-29 10:40:02:081 IECommandExecutor.cpp(285) Entering IECommandExecutor::OnIsSessionValid
T 2019-07-29 10:40:02:081 server.cc(225) Entering Server::ShutDownSession
T 2019-07-29 10:40:02:081 IESession.cpp(119) Entering IESession::ShutDown
T 2019-07-29 10:40:02:081 IESession.cpp(173) Entering IESession::WaitForCommandExecutorExit
D 2019-07-29 10:40:02:081 IESession.cpp(150) Executor shutdown successful!
D 2019-07-29 10:40:02:081 IESession.cpp(158) Posting thread shutdown message
D 2019-07-29 10:40:02:081 IESession.cpp(161) Starting wait for thread completion
D 2019-07-29 10:40:02:081 IECommandExecutor.cpp(436) Shutdown message received
D 2019-07-29 10:40:02:081 IESession.cpp(164) Waiting for thread to end returned 4294967295
D 2019-07-29 10:40:02:081 server.cc(338) Response: {"value":null}

T 2019-07-29 10:40:02:081 server.cc(391) Entering Server::SendResponseToClient
T 2019-07-29 10:40:02:081 response.cc(30) Entering Response::Deserialize
T 2019-07-29 10:40:02:081 server.cc(445) Entering Server::SendHttpOk
D 2019-07-29 10:40:02:081 IECommandExecutor.cpp(97) Entering IECommandExecutor::OnDestroy
D 2019-07-29 10:40:02:081 IECommandExecutor.cpp(99) Clearing managed element cache
D 2019-07-29 10:40:02:081 IECommandExecutor.cpp(102) Closing command handler repository
D 2019-07-29 10:40:02:082 IECommandExecutor.cpp(104) Closing element finder
D 2019-07-29 10:40:02:082 IECommandExecutor.cpp(106) Closing input manager
D 2019-07-29 10:40:02:082 IECommandExecutor.cpp(108) Closing proxy manager
T 2019-07-29 10:40:02:082 ProxyManager.cpp(185) ProxyManager::RestoreProxySettings
D 2019-07-29 10:40:02:082 IECommandExecutor.cpp(110) Closing browser factory
D 2019-07-29 10:40:02:082 IECommandExecutor.cpp(112) Posting quit message
D 2019-07-29 10:40:02:082 IECommandExecutor.cpp(114) Leaving IECommandExecutor::OnDestroy
D 2019-07-29 10:40:02:082 IECommandExecutor.cpp(438) Returned from DestroyWindow()
D 2019-07-29 10:40:02:082 IECommandExecutor.cpp(447) Exited IECommandExecutor thread message loop
T 2019-07-29 10:40:02:083 server.cc(174) Entering Server::ProcessRequest
T 2019-07-29 10:40:02:083 server.cc(183) Process request with: URI: /shutdown HTTP verb: GET
body: {}
T 2019-07-29 10:40:02:083 server.cc(445) Entering Server::SendHttpOk
T 2019-07-29 10:40:02:083 IEServer.cpp(88) Entering IEServer::ShutDown
T 2019-07-29 10:40:02:083 WebDriver.cpp(54) Entering StopServer
T 2019-07-29 10:40:02:083 server.cc(165) Entering Server::Stop
